{"/home/travis/build/npmtest/node-npmtest-eslint-plugin-node/test.js":{"path":"/home/travis/build/npmtest/node-npmtest-eslint-plugin-node/test.js","s":{"1":2,"2":2,"3":2,"4":2,"5":2,"6":2,"7":2,"8":1,"9":2,"10":2,"11":1,"12":1,"13":1,"14":1,"15":2,"16":2,"17":2,"18":2,"19":1,"20":1,"21":2,"22":2,"23":2,"24":1,"25":1,"26":1,"27":1,"28":1,"29":1,"30":1,"31":1,"32":1,"33":1,"34":1,"35":1,"36":1,"37":2,"38":2,"39":1,"40":2,"41":2,"42":1,"43":2,"44":2,"45":1,"46":2,"47":2,"48":1,"49":1,"50":1,"51":1,"52":1},"b":{"1":[2,1,1,1],"2":[1,1,1,1],"3":[1,1],"4":[1,1],"5":[1,1],"6":[1,1],"7":[1,1],"8":[1,1],"9":[1,1,1],"10":[1,1],"11":[1,1],"12":[1,1],"13":[1,1],"14":[1,1],"15":[1,1],"16":[1,1]},"f":{"1":2,"2":2,"3":2,"4":2,"5":2,"6":1,"7":1,"8":2,"9":2,"10":2,"11":2,"12":1},"fnMap":{"1":{"name":"(anonymous_1)","line":12,"loc":{"start":{"line":12,"column":1},"end":{"line":12,"column":13}}},"2":{"name":"(anonymous_2)","line":19,"loc":{"start":{"line":19,"column":5},"end":{"line":19,"column":17}}},"3":{"name":"(anonymous_3)","line":23,"loc":{"start":{"line":23,"column":24},"end":{"line":23,"column":36}}},"4":{"name":"(anonymous_4)","line":61,"loc":{"start":{"line":61,"column":5},"end":{"line":61,"column":17}}},"5":{"name":"(anonymous_5)","line":82,"loc":{"start":{"line":82,"column":5},"end":{"line":82,"column":17}}},"6":{"name":"(anonymous_6)","line":102,"loc":{"start":{"line":102,"column":83},"end":{"line":105,"column":10}},"skip":true},"7":{"name":"(anonymous_7)","line":113,"loc":{"start":{"line":113,"column":77},"end":{"line":116,"column":10}},"skip":true},"8":{"name":"(anonymous_8)","line":129,"loc":{"start":{"line":129,"column":12},"end":{"line":129,"column":40}},"skip":true},"9":{"name":"(anonymous_9)","line":137,"loc":{"start":{"line":137,"column":77},"end":{"line":140,"column":10}},"skip":true},"10":{"name":"(anonymous_10)","line":148,"loc":{"start":{"line":148,"column":83},"end":{"line":151,"column":10}},"skip":true},"11":{"name":"(anonymous_11)","line":159,"loc":{"start":{"line":159,"column":79},"end":{"line":162,"column":10}},"skip":true},"12":{"name":"(anonymous_12)","line":170,"loc":{"start":{"line":170,"column":75},"end":{"line":173,"column":10}},"skip":true}},"statementMap":{"1":{"start":{"line":12,"column":0},"end":{"line":185,"column":5}},"2":{"start":{"line":14,"column":4},"end":{"line":14,"column":14}},"3":{"start":{"line":19,"column":4},"end":{"line":56,"column":9}},"4":{"start":{"line":21,"column":8},"end":{"line":21,"column":19}},"5":{"start":{"line":23,"column":8},"end":{"line":35,"column":13}},"6":{"start":{"line":24,"column":12},"end":{"line":34,"column":13}},"7":{"start":{"line":25,"column":16},"end":{"line":28,"column":30}},"8":{"start":{"line":30,"column":16},"end":{"line":33,"column":27}},"9":{"start":{"line":37,"column":8},"end":{"line":39,"column":21}},"10":{"start":{"line":40,"column":8},"end":{"line":53,"column":9}},"11":{"start":{"line":43,"column":12},"end":{"line":46,"column":14}},"12":{"start":{"line":47,"column":12},"end":{"line":47,"column":18}},"13":{"start":{"line":50,"column":12},"end":{"line":51,"column":46}},"14":{"start":{"line":52,"column":12},"end":{"line":52,"column":18}},"15":{"start":{"line":55,"column":8},"end":{"line":55,"column":35}},"16":{"start":{"line":61,"column":4},"end":{"line":63,"column":9}},"17":{"start":{"line":62,"column":8},"end":{"line":62,"column":15}},"18":{"start":{"line":64,"column":4},"end":{"line":77,"column":5}},"19":{"start":{"line":70,"column":8},"end":{"line":70,"column":14}},"20":{"start":{"line":76,"column":8},"end":{"line":76,"column":14}},"21":{"start":{"line":82,"column":4},"end":{"line":84,"column":9}},"22":{"start":{"line":83,"column":8},"end":{"line":83,"column":15}},"23":{"start":{"line":85,"column":4},"end":{"line":184,"column":5}},"24":{"start":{"line":92,"column":8},"end":{"line":94,"column":63}},"25":{"start":{"line":95,"column":8},"end":{"line":95,"column":14}},"26":{"start":{"line":102,"column":8},"end":{"line":111,"column":10},"skip":true},"27":{"start":{"line":109,"column":12},"end":{"line":109,"column":55},"skip":true},"28":{"start":{"line":110,"column":12},"end":{"line":110,"column":48},"skip":true},"29":{"start":{"line":113,"column":8},"end":{"line":126,"column":10},"skip":true},"30":{"start":{"line":120,"column":12},"end":{"line":120,"column":76},"skip":true},"31":{"start":{"line":121,"column":12},"end":{"line":121,"column":73},"skip":true},"32":{"start":{"line":122,"column":12},"end":{"line":122,"column":74},"skip":true},"33":{"start":{"line":123,"column":12},"end":{"line":123,"column":79},"skip":true},"34":{"start":{"line":124,"column":12},"end":{"line":124,"column":25},"skip":true},"35":{"start":{"line":125,"column":12},"end":{"line":125,"column":45},"skip":true},"36":{"start":{"line":128,"column":8},"end":{"line":135,"column":14},"skip":true},"37":{"start":{"line":133,"column":16},"end":{"line":133,"column":29},"skip":true},"38":{"start":{"line":134,"column":16},"end":{"line":134,"column":55},"skip":true},"39":{"start":{"line":137,"column":8},"end":{"line":146,"column":10},"skip":true},"40":{"start":{"line":144,"column":12},"end":{"line":144,"column":25},"skip":true},"41":{"start":{"line":145,"column":12},"end":{"line":145,"column":45},"skip":true},"42":{"start":{"line":148,"column":8},"end":{"line":157,"column":10},"skip":true},"43":{"start":{"line":155,"column":12},"end":{"line":155,"column":25},"skip":true},"44":{"start":{"line":156,"column":12},"end":{"line":156,"column":48},"skip":true},"45":{"start":{"line":159,"column":8},"end":{"line":168,"column":10},"skip":true},"46":{"start":{"line":166,"column":12},"end":{"line":166,"column":25},"skip":true},"47":{"start":{"line":167,"column":12},"end":{"line":167,"column":46},"skip":true},"48":{"start":{"line":170,"column":8},"end":{"line":179,"column":10},"skip":true},"49":{"start":{"line":177,"column":12},"end":{"line":177,"column":94},"skip":true},"50":{"start":{"line":178,"column":12},"end":{"line":178,"column":48},"skip":true},"51":{"start":{"line":182,"column":8},"end":{"line":182,"column":35},"skip":true},"52":{"start":{"line":183,"column":8},"end":{"line":183,"column":14},"skip":true}},"branchMap":{"1":{"line":25,"type":"binary-expr","locations":[{"start":{"line":25,"column":23},"end":{"line":25,"column":62}},{"start":{"line":26,"column":20},"end":{"line":26,"column":70}},{"start":{"line":27,"column":20},"end":{"line":27,"column":71}},{"start":{"line":28,"column":20},"end":{"line":28,"column":29}}]},"2":{"line":30,"type":"binary-expr","locations":[{"start":{"line":30,"column":23},"end":{"line":30,"column":37}},{"start":{"line":31,"column":20},"end":{"line":31,"column":61}},{"start":{"line":32,"column":20},"end":{"line":32,"column":70}},{"start":{"line":33,"column":20},"end":{"line":33,"column":26}}]},"3":{"line":37,"type":"cond-expr","locations":[{"start":{"line":38,"column":14},"end":{"line":38,"column":20}},{"start":{"line":39,"column":14},"end":{"line":39,"column":20}}]},"4":{"line":40,"type":"switch","locations":[{"start":{"line":42,"column":8},"end":{"line":47,"column":18}},{"start":{"line":49,"column":8},"end":{"line":52,"column":18}}]},"5":{"line":44,"type":"binary-expr","locations":[{"start":{"line":44,"column":16},"end":{"line":44,"column":44}},{"start":{"line":44,"column":48},"end":{"line":44,"column":66}}]},"6":{"line":50,"type":"binary-expr","locations":[{"start":{"line":50,"column":21},"end":{"line":50,"column":49}},{"start":{"line":50,"column":53},"end":{"line":50,"column":72}}]},"7":{"line":64,"type":"switch","locations":[{"start":{"line":69,"column":4},"end":{"line":70,"column":14}},{"start":{"line":75,"column":4},"end":{"line":76,"column":14}}]},"8":{"line":85,"type":"switch","locations":[{"start":{"line":90,"column":4},"end":{"line":95,"column":14}},{"start":{"line":101,"column":4},"end":{"line":183,"column":14},"skip":true}]},"9":{"line":92,"type":"binary-expr","locations":[{"start":{"line":92,"column":18},"end":{"line":92,"column":32}},{"start":{"line":93,"column":12},"end":{"line":93,"column":53}},{"start":{"line":94,"column":12},"end":{"line":94,"column":61}}]},"10":{"line":102,"type":"binary-expr","locations":[{"start":{"line":102,"column":45},"end":{"line":102,"column":79},"skip":true},{"start":{"line":102,"column":83},"end":{"line":111,"column":9},"skip":true}]},"11":{"line":113,"type":"binary-expr","locations":[{"start":{"line":113,"column":42},"end":{"line":113,"column":73},"skip":true},{"start":{"line":113,"column":77},"end":{"line":126,"column":9},"skip":true}]},"12":{"line":128,"type":"binary-expr","locations":[{"start":{"line":128,"column":48},"end":{"line":128,"column":85},"skip":true},{"start":{"line":129,"column":12},"end":{"line":135,"column":13},"skip":true}]},"13":{"line":137,"type":"binary-expr","locations":[{"start":{"line":137,"column":42},"end":{"line":137,"column":73},"skip":true},{"start":{"line":137,"column":77},"end":{"line":146,"column":9},"skip":true}]},"14":{"line":148,"type":"binary-expr","locations":[{"start":{"line":148,"column":45},"end":{"line":148,"column":79},"skip":true},{"start":{"line":148,"column":83},"end":{"line":157,"column":9},"skip":true}]},"15":{"line":159,"type":"binary-expr","locations":[{"start":{"line":159,"column":43},"end":{"line":159,"column":75},"skip":true},{"start":{"line":159,"column":79},"end":{"line":168,"column":9},"skip":true}]},"16":{"line":170,"type":"binary-expr","locations":[{"start":{"line":170,"column":41},"end":{"line":170,"column":71},"skip":true},{"start":{"line":170,"column":75},"end":{"line":179,"column":9},"skip":true}]}},"code":["/* istanbul instrument in package npmtest_eslint_plugin_node */","/*jslint","    bitwise: true,","    browser: true,","    maxerr: 8,","    maxlen: 96,","    node: true,","    nomen: true,","    regexp: true,","    stupid: true","*/","(function () {","    'use strict';","    var local;","","","","    // run shared js-env code - pre-init","    (function () {","        // init local","        local = {};","        // init modeJs","        local.modeJs = (function () {","            try {","                return typeof navigator.userAgent === 'string' &&","                    typeof document.querySelector('body') === 'object' &&","                    typeof XMLHttpRequest.prototype.open === 'function' &&","                    'browser';","            } catch (errorCaughtBrowser) {","                return module.exports &&","                    typeof process.versions.node === 'string' &&","                    typeof require('http').createServer === 'function' &&","                    'node';","            }","        }());","        // init global","        local.global = local.modeJs === 'browser'","            ? window","            : global;","        switch (local.modeJs) {","        // re-init local from window.local","        case 'browser':","            local = local.global.utility2.objectSetDefault(","                local.global.utility2_rollup || local.global.local,","                local.global.utility2","            );","            break;","        // re-init local from example.js","        case 'node':","            local = (local.global.utility2_rollup || require('utility2'))","                .requireExampleJsFromReadme();","            break;","        }","        // export local","        local.global.local = local;","    }());","","","","    // run shared js-env code - function","    (function () {","        return;","    }());","    switch (local.modeJs) {","","","","    // run browser js-env code - function","    case 'browser':","        break;","","","","    // run node js-env code - function","    case 'node':","        break;","    }","","","","    // run shared js-env code - post-init","    (function () {","        return;","    }());","    switch (local.modeJs) {","","","","    // run browser js-env code - post-init","    case 'browser':","        // run tests","        local.nop(local.modeTest &&","            document.querySelector('#testRunButton1') &&","            document.querySelector('#testRunButton1').click());","        break;","","","","    // run node js-env code - post-init","    /* istanbul ignore next */","    case 'node':","        local.testCase_buildApidoc_default = local.testCase_buildApidoc_default || function (","            options,","            onError","        ) {","        /*","         * this function will test buildApidoc's default handling-behavior-behavior","         */","            options = { modulePathList: module.paths };","            local.buildApidoc(options, onError);","        };","","        local.testCase_buildApp_default = local.testCase_buildApp_default || function (","            options,","            onError","        ) {","        /*","         * this function will test buildApp's default handling-behavior-behavior","         */","            local.testCase_buildReadme_default(options, local.onErrorThrow);","            local.testCase_buildLib_default(options, local.onErrorThrow);","            local.testCase_buildTest_default(options, local.onErrorThrow);","            local.testCase_buildCustomOrg_default(options, local.onErrorThrow);","            options = [];","            local.buildApp(options, onError);","        };","","        local.testCase_buildCustomOrg_default = local.testCase_buildCustomOrg_default ||","            function (options, onError) {","            /*","             * this function will test buildCustomOrg's default handling-behavior","             */","                options = {};","                local.buildCustomOrg(options, onError);","            };","","        local.testCase_buildLib_default = local.testCase_buildLib_default || function (","            options,","            onError","        ) {","        /*","         * this function will test buildLib's default handling-behavior","         */","            options = {};","            local.buildLib(options, onError);","        };","","        local.testCase_buildReadme_default = local.testCase_buildReadme_default || function (","            options,","            onError","        ) {","        /*","         * this function will test buildReadme's default handling-behavior-behavior","         */","            options = {};","            local.buildReadme(options, onError);","        };","","        local.testCase_buildTest_default = local.testCase_buildTest_default || function (","            options,","            onError","        ) {","        /*","         * this function will test buildTest's default handling-behavior","         */","            options = {};","            local.buildTest(options, onError);","        };","","        local.testCase_webpage_default = local.testCase_webpage_default || function (","            options,","            onError","        ) {","        /*","         * this function will test webpage's default handling-behavior","         */","            options = { modeCoverageMerge: true, url: local.serverLocalHost + '?modeTest=1' };","            local.browserTest(options, onError);","        };","","        // run test-server","        local.testRunServer(local);","        break;","    }","}());",""],"l":{"12":2,"14":2,"19":2,"21":2,"23":2,"24":2,"25":2,"30":1,"37":2,"40":2,"43":1,"47":1,"50":1,"52":1,"55":2,"61":2,"62":2,"64":2,"70":1,"76":1,"82":2,"83":2,"85":2,"92":1,"95":1,"102":1,"109":1,"110":1,"113":1,"120":1,"121":1,"122":1,"123":1,"124":1,"125":1,"128":1,"133":2,"134":2,"137":1,"144":2,"145":2,"148":1,"155":2,"156":2,"159":1,"166":2,"167":2,"170":1,"177":1,"178":1,"182":1,"183":1}},"/home/travis/build/npmtest/node-npmtest-eslint-plugin-node/lib.npmtest_eslint_plugin_node.js":{"path":"/home/travis/build/npmtest/node-npmtest-eslint-plugin-node/lib.npmtest_eslint_plugin_node.js","s":{"1":2,"2":2,"3":2,"4":2,"5":2,"6":2,"7":2,"8":1,"9":2,"10":2,"11":2,"12":2,"13":1,"14":1,"15":1,"16":1},"b":{"1":[2,1,1,1],"2":[1,1,1,1],"3":[1,1],"4":[2,2],"5":[1,1]},"f":{"1":2,"2":2,"3":2},"fnMap":{"1":{"name":"(anonymous_1)","line":12,"loc":{"start":{"line":12,"column":1},"end":{"line":12,"column":13}}},"2":{"name":"(anonymous_2)","line":19,"loc":{"start":{"line":19,"column":5},"end":{"line":19,"column":17}}},"3":{"name":"(anonymous_3)","line":23,"loc":{"start":{"line":23,"column":24},"end":{"line":23,"column":36}}}},"statementMap":{"1":{"start":{"line":12,"column":0},"end":{"line":53,"column":5}},"2":{"start":{"line":14,"column":4},"end":{"line":14,"column":14}},"3":{"start":{"line":19,"column":4},"end":{"line":52,"column":9}},"4":{"start":{"line":21,"column":8},"end":{"line":21,"column":19}},"5":{"start":{"line":23,"column":8},"end":{"line":35,"column":13}},"6":{"start":{"line":24,"column":12},"end":{"line":34,"column":13}},"7":{"start":{"line":25,"column":16},"end":{"line":28,"column":30}},"8":{"start":{"line":30,"column":16},"end":{"line":33,"column":27}},"9":{"start":{"line":37,"column":8},"end":{"line":39,"column":21}},"10":{"start":{"line":41,"column":8},"end":{"line":41,"column":54}},"11":{"start":{"line":43,"column":8},"end":{"line":43,"column":63}},"12":{"start":{"line":45,"column":8},"end":{"line":51,"column":9}},"13":{"start":{"line":46,"column":12},"end":{"line":46,"column":69}},"14":{"start":{"line":48,"column":12},"end":{"line":48,"column":35}},"15":{"start":{"line":49,"column":12},"end":{"line":49,"column":49}},"16":{"start":{"line":50,"column":12},"end":{"line":50,"column":43}}},"branchMap":{"1":{"line":25,"type":"binary-expr","locations":[{"start":{"line":25,"column":23},"end":{"line":25,"column":62}},{"start":{"line":26,"column":20},"end":{"line":26,"column":70}},{"start":{"line":27,"column":20},"end":{"line":27,"column":71}},{"start":{"line":28,"column":20},"end":{"line":28,"column":29}}]},"2":{"line":30,"type":"binary-expr","locations":[{"start":{"line":30,"column":23},"end":{"line":30,"column":37}},{"start":{"line":31,"column":20},"end":{"line":31,"column":61}},{"start":{"line":32,"column":20},"end":{"line":32,"column":70}},{"start":{"line":33,"column":20},"end":{"line":33,"column":26}}]},"3":{"line":37,"type":"cond-expr","locations":[{"start":{"line":38,"column":14},"end":{"line":38,"column":20}},{"start":{"line":39,"column":14},"end":{"line":39,"column":20}}]},"4":{"line":41,"type":"binary-expr","locations":[{"start":{"line":41,"column":16},"end":{"line":41,"column":44}},{"start":{"line":41,"column":48},"end":{"line":41,"column":53}}]},"5":{"line":45,"type":"if","locations":[{"start":{"line":45,"column":8},"end":{"line":45,"column":8}},{"start":{"line":45,"column":8},"end":{"line":45,"column":8}}]}},"code":["/* istanbul instrument in package npmtest_eslint_plugin_node */","/*jslint","    bitwise: true,","    browser: true,","    maxerr: 8,","    maxlen: 96,","    node: true,","    nomen: true,","    regexp: true,","    stupid: true","*/","(function () {","    'use strict';","    var local;","","","","    // run shared js-env code - pre-init","    (function () {","        // init local","        local = {};","        // init modeJs","        local.modeJs = (function () {","            try {","                return typeof navigator.userAgent === 'string' &&","                    typeof document.querySelector('body') === 'object' &&","                    typeof XMLHttpRequest.prototype.open === 'function' &&","                    'browser';","            } catch (errorCaughtBrowser) {","                return module.exports &&","                    typeof process.versions.node === 'string' &&","                    typeof require('http').createServer === 'function' &&","                    'node';","            }","        }());","        // init global","        local.global = local.modeJs === 'browser'","            ? window","            : global;","        // init utility2_rollup","        local = local.global.utility2_rollup || local;","        // init lib","        local.local = local.npmtest_eslint_plugin_node = local;","        // init exports","        if (local.modeJs === 'browser') {","            local.global.utility2_npmtest_eslint_plugin_node = local;","        } else {","            module.exports = local;","            module.exports.__dirname = __dirname;","            module.exports.module = module;","        }","    }());","}());",""],"l":{"12":2,"14":2,"19":2,"21":2,"23":2,"24":2,"25":2,"30":1,"37":2,"41":2,"43":2,"45":2,"46":1,"48":1,"49":1,"50":1}},"/home/travis/build/npmtest/node-npmtest-eslint-plugin-node/example.js":{"path":"/home/travis/build/npmtest/node-npmtest-eslint-plugin-node/example.js","s":{"1":2,"2":2,"3":2,"4":2,"5":2,"6":2,"7":2,"8":1,"9":2,"10":2,"11":2,"12":2,"13":1,"14":2,"15":2,"16":2,"17":2,"18":2,"19":0,"20":2,"21":1,"22":1,"23":1,"24":1,"25":1,"26":0,"27":0,"28":1,"29":1,"30":2,"31":0,"32":0,"33":0,"34":1,"35":2,"36":2,"37":2,"38":2,"39":2,"40":2,"41":0,"42":2,"43":2,"44":2,"45":1,"46":3,"47":1,"48":1,"49":1,"50":1,"51":1,"52":1,"53":1,"54":1,"55":1,"56":1,"57":0,"58":1,"59":6,"60":6,"61":1,"62":2,"63":0,"64":2,"65":1,"66":1,"67":0,"68":0,"69":0,"70":0,"71":0,"72":0,"73":0,"74":0,"75":0,"76":0,"77":0,"78":0,"79":0,"80":0,"81":0,"82":0,"83":0},"b":{"1":[2,1,1,1],"2":[1,1,1,1],"3":[1,1],"4":[2,2],"5":[1,1],"6":[1,1],"7":[2,0],"8":[2,1,1,1,1,1],"9":[0,2,0],"10":[1,1],"11":[2,1,1],"12":[1,0],"13":[0,2],"14":[2,0,0,0,0,0,0],"15":[0,2],"16":[2,0],"17":[1,1],"18":[0,1],"19":[1,2,0,2],"20":[1,0],"21":[1,1],"22":[0,0],"23":[0,0],"24":[0,0],"25":[0,0],"26":[0,0],"27":[0,0],"28":[0,0]},"f":{"1":2,"2":2,"3":2,"4":2,"5":2,"6":2,"7":2,"8":2,"9":3,"10":1,"11":6,"12":0},"fnMap":{"1":{"name":"(anonymous_1)","line":26,"loc":{"start":{"line":26,"column":1},"end":{"line":26,"column":13}}},"2":{"name":"(anonymous_2)","line":33,"loc":{"start":{"line":33,"column":5},"end":{"line":33,"column":17}}},"3":{"name":"(anonymous_3)","line":37,"loc":{"start":{"line":37,"column":24},"end":{"line":37,"column":36}}},"4":{"name":"(anonymous_4)","line":69,"loc":{"start":{"line":69,"column":31},"end":{"line":69,"column":48}},"skip":true},"5":{"name":"(anonymous_5)","line":78,"loc":{"start":{"line":78,"column":26},"end":{"line":78,"column":45}},"skip":true},"6":{"name":"(anonymous_6)","line":123,"loc":{"start":{"line":123,"column":33},"end":{"line":123,"column":48}},"skip":true},"7":{"name":"(anonymous_7)","line":125,"loc":{"start":{"line":125,"column":27},"end":{"line":125,"column":39}},"skip":true},"8":{"name":"(anonymous_8)","line":133,"loc":{"start":{"line":133,"column":59},"end":{"line":133,"column":74}},"skip":true},"9":{"name":"(anonymous_9)","line":143,"loc":{"start":{"line":143,"column":45},"end":{"line":143,"column":62}},"skip":true},"10":{"name":"(anonymous_10)","line":144,"loc":{"start":{"line":144,"column":73},"end":{"line":144,"column":92}},"skip":true},"11":{"name":"(anonymous_11)","line":272,"loc":{"start":{"line":272,"column":51},"end":{"line":272,"column":77}},"skip":true},"12":{"name":"(anonymous_12)","line":314,"loc":{"start":{"line":314,"column":32},"end":{"line":314,"column":61}},"skip":true}},"statementMap":{"1":{"start":{"line":26,"column":0},"end":{"line":325,"column":5}},"2":{"start":{"line":28,"column":4},"end":{"line":28,"column":14}},"3":{"start":{"line":33,"column":4},"end":{"line":60,"column":9}},"4":{"start":{"line":35,"column":8},"end":{"line":35,"column":19}},"5":{"start":{"line":37,"column":8},"end":{"line":49,"column":13}},"6":{"start":{"line":38,"column":12},"end":{"line":48,"column":13}},"7":{"start":{"line":39,"column":16},"end":{"line":42,"column":30}},"8":{"start":{"line":44,"column":16},"end":{"line":47,"column":27}},"9":{"start":{"line":51,"column":8},"end":{"line":53,"column":21}},"10":{"start":{"line":55,"column":8},"end":{"line":57,"column":45}},"11":{"start":{"line":59,"column":8},"end":{"line":59,"column":35}},"12":{"start":{"line":61,"column":4},"end":{"line":324,"column":5}},"13":{"start":{"line":69,"column":8},"end":{"line":121,"column":10},"skip":true},"14":{"start":{"line":70,"column":12},"end":{"line":88,"column":13},"skip":true},"15":{"start":{"line":76,"column":16},"end":{"line":87,"column":19},"skip":true},"16":{"start":{"line":79,"column":20},"end":{"line":86,"column":21},"skip":true},"17":{"start":{"line":82,"column":24},"end":{"line":82,"column":43},"skip":true},"18":{"start":{"line":83,"column":24},"end":{"line":83,"column":30},"skip":true},"19":{"start":{"line":85,"column":24},"end":{"line":85,"column":49},"skip":true},"20":{"start":{"line":89,"column":12},"end":{"line":107,"column":13},"skip":true},"21":{"start":{"line":92,"column":16},"end":{"line":102,"column":17},"skip":true},"22":{"start":{"line":93,"column":20},"end":{"line":93,"column":86},"skip":true},"23":{"start":{"line":94,"column":20},"end":{"line":95,"column":45},"skip":true},"24":{"start":{"line":96,"column":20},"end":{"line":96,"column":42},"skip":true},"25":{"start":{"line":97,"column":20},"end":{"line":97,"column":48},"skip":true},"26":{"start":{"line":100,"column":20},"end":{"line":100,"column":85},"skip":true},"27":{"start":{"line":101,"column":20},"end":{"line":101,"column":96},"skip":true},"28":{"start":{"line":103,"column":16},"end":{"line":103,"column":22},"skip":true},"29":{"start":{"line":106,"column":16},"end":{"line":106,"column":22},"skip":true},"30":{"start":{"line":108,"column":12},"end":{"line":120,"column":13},"skip":true},"31":{"start":{"line":114,"column":16},"end":{"line":119,"column":17},"skip":true},"32":{"start":{"line":116,"column":20},"end":{"line":116,"column":78},"skip":true},"33":{"start":{"line":118,"column":20},"end":{"line":118,"column":47},"skip":true},"34":{"start":{"line":123,"column":8},"end":{"line":141,"column":11},"skip":true},"35":{"start":{"line":124,"column":12},"end":{"line":124,"column":54},"skip":true},"36":{"start":{"line":125,"column":12},"end":{"line":140,"column":14},"skip":true},"37":{"start":{"line":126,"column":16},"end":{"line":126,"column":28},"skip":true},"38":{"start":{"line":127,"column":16},"end":{"line":127,"column":69},"skip":true},"39":{"start":{"line":128,"column":16},"end":{"line":128,"column":75},"skip":true},"40":{"start":{"line":129,"column":16},"end":{"line":131,"column":17},"skip":true},"41":{"start":{"line":130,"column":20},"end":{"line":130,"column":27},"skip":true},"42":{"start":{"line":133,"column":16},"end":{"line":137,"column":36},"skip":true},"43":{"start":{"line":134,"column":20},"end":{"line":136,"column":55},"skip":true},"44":{"start":{"line":139,"column":16},"end":{"line":139,"column":57},"skip":true},"45":{"start":{"line":143,"column":8},"end":{"line":147,"column":11},"skip":true},"46":{"start":{"line":144,"column":12},"end":{"line":146,"column":15},"skip":true},"47":{"start":{"line":145,"column":16},"end":{"line":145,"column":70},"skip":true},"48":{"start":{"line":149,"column":8},"end":{"line":149,"column":31},"skip":true},"49":{"start":{"line":150,"column":8},"end":{"line":150,"column":14},"skip":true},"50":{"start":{"line":158,"column":8},"end":{"line":158,"column":31},"skip":true},"51":{"start":{"line":160,"column":8},"end":{"line":160,"column":33},"skip":true},"52":{"start":{"line":161,"column":8},"end":{"line":161,"column":37},"skip":true},"53":{"start":{"line":162,"column":8},"end":{"line":162,"column":35},"skip":true},"54":{"start":{"line":164,"column":8},"end":{"line":164,"column":50},"skip":true},"55":{"start":{"line":166,"column":8},"end":{"line":256,"column":2},"skip":true},"56":{"start":{"line":258,"column":8},"end":{"line":286,"column":9},"skip":true},"57":{"start":{"line":259,"column":12},"end":{"line":269,"column":14},"skip":true},"58":{"start":{"line":271,"column":12},"end":{"line":285,"column":19},"skip":true},"59":{"start":{"line":274,"column":20},"end":{"line":274,"column":35},"skip":true},"60":{"start":{"line":275,"column":20},"end":{"line":284,"column":21},"skip":true},"61":{"start":{"line":277,"column":24},"end":{"line":277,"column":64},"skip":true},"62":{"start":{"line":279,"column":24},"end":{"line":279,"column":40},"skip":true},"63":{"start":{"line":281,"column":24},"end":{"line":281,"column":40},"skip":true},"64":{"start":{"line":283,"column":24},"end":{"line":283,"column":39},"skip":true},"65":{"start":{"line":288,"column":8},"end":{"line":290,"column":9},"skip":true},"66":{"start":{"line":289,"column":12},"end":{"line":289,"column":18},"skip":true},"67":{"start":{"line":291,"column":8},"end":{"line":293,"column":54},"skip":true},"68":{"start":{"line":294,"column":8},"end":{"line":301,"column":37},"skip":true},"69":{"start":{"line":302,"column":8},"end":{"line":302,"column":82},"skip":true},"70":{"start":{"line":305,"column":8},"end":{"line":307,"column":9},"skip":true},"71":{"start":{"line":306,"column":12},"end":{"line":306,"column":82},"skip":true},"72":{"start":{"line":309,"column":8},"end":{"line":311,"column":9},"skip":true},"73":{"start":{"line":310,"column":12},"end":{"line":310,"column":18},"skip":true},"74":{"start":{"line":312,"column":8},"end":{"line":312,"column":54},"skip":true},"75":{"start":{"line":313,"column":8},"end":{"line":313,"column":69},"skip":true},"76":{"start":{"line":314,"column":8},"end":{"line":322,"column":36},"skip":true},"77":{"start":{"line":315,"column":12},"end":{"line":315,"column":61},"skip":true},"78":{"start":{"line":316,"column":12},"end":{"line":319,"column":13},"skip":true},"79":{"start":{"line":317,"column":16},"end":{"line":317,"column":75},"skip":true},"80":{"start":{"line":318,"column":16},"end":{"line":318,"column":23},"skip":true},"81":{"start":{"line":320,"column":12},"end":{"line":320,"column":38},"skip":true},"82":{"start":{"line":321,"column":12},"end":{"line":321,"column":27},"skip":true},"83":{"start":{"line":323,"column":8},"end":{"line":323,"column":14},"skip":true}},"branchMap":{"1":{"line":39,"type":"binary-expr","locations":[{"start":{"line":39,"column":23},"end":{"line":39,"column":62}},{"start":{"line":40,"column":20},"end":{"line":40,"column":70}},{"start":{"line":41,"column":20},"end":{"line":41,"column":71}},{"start":{"line":42,"column":20},"end":{"line":42,"column":29}}]},"2":{"line":44,"type":"binary-expr","locations":[{"start":{"line":44,"column":23},"end":{"line":44,"column":37}},{"start":{"line":45,"column":20},"end":{"line":45,"column":61}},{"start":{"line":46,"column":20},"end":{"line":46,"column":70}},{"start":{"line":47,"column":20},"end":{"line":47,"column":26}}]},"3":{"line":51,"type":"cond-expr","locations":[{"start":{"line":52,"column":14},"end":{"line":52,"column":20}},{"start":{"line":53,"column":14},"end":{"line":53,"column":20}}]},"4":{"line":55,"type":"binary-expr","locations":[{"start":{"line":55,"column":16},"end":{"line":55,"column":44}},{"start":{"line":55,"column":49},"end":{"line":57,"column":43}}]},"5":{"line":55,"type":"cond-expr","locations":[{"start":{"line":56,"column":14},"end":{"line":56,"column":62}},{"start":{"line":57,"column":14},"end":{"line":57,"column":43}}]},"6":{"line":61,"type":"switch","locations":[{"start":{"line":68,"column":4},"end":{"line":150,"column":14},"skip":true},{"start":{"line":156,"column":4},"end":{"line":323,"column":14},"skip":true}]},"7":{"line":70,"type":"if","locations":[{"start":{"line":70,"column":12},"end":{"line":70,"column":12},"skip":true},{"start":{"line":70,"column":12},"end":{"line":70,"column":12},"skip":true}]},"8":{"line":70,"type":"binary-expr","locations":[{"start":{"line":70,"column":16},"end":{"line":70,"column":22},"skip":true},{"start":{"line":70,"column":27},"end":{"line":70,"column":32},"skip":true},{"start":{"line":71,"column":20},"end":{"line":71,"column":39},"skip":true},{"start":{"line":72,"column":20},"end":{"line":72,"column":49},"skip":true},{"start":{"line":73,"column":20},"end":{"line":73,"column":58},"skip":true},{"start":{"line":74,"column":20},"end":{"line":74,"column":69},"skip":true}]},"9":{"line":79,"type":"switch","locations":[{"start":{"line":80,"column":20},"end":{"line":80,"column":33},"skip":true},{"start":{"line":81,"column":20},"end":{"line":83,"column":30},"skip":true},{"start":{"line":84,"column":20},"end":{"line":85,"column":49},"skip":true}]},"10":{"line":89,"type":"switch","locations":[{"start":{"line":90,"column":12},"end":{"line":103,"column":22},"skip":true},{"start":{"line":105,"column":12},"end":{"line":106,"column":22},"skip":true}]},"11":{"line":89,"type":"binary-expr","locations":[{"start":{"line":89,"column":20},"end":{"line":89,"column":25},"skip":true},{"start":{"line":89,"column":29},"end":{"line":89,"column":48},"skip":true},{"start":{"line":89,"column":52},"end":{"line":89,"column":74},"skip":true}]},"12":{"line":92,"type":"if","locations":[{"start":{"line":92,"column":16},"end":{"line":92,"column":16},"skip":true},{"start":{"line":92,"column":16},"end":{"line":92,"column":16},"skip":true}]},"13":{"line":108,"type":"if","locations":[{"start":{"line":108,"column":12},"end":{"line":108,"column":12},"skip":true},{"start":{"line":108,"column":12},"end":{"line":108,"column":12},"skip":true}]},"14":{"line":108,"type":"binary-expr","locations":[{"start":{"line":108,"column":16},"end":{"line":108,"column":61},"skip":true},{"start":{"line":108,"column":66},"end":{"line":108,"column":72},"skip":true},{"start":{"line":108,"column":77},"end":{"line":108,"column":82},"skip":true},{"start":{"line":109,"column":20},"end":{"line":109,"column":39},"skip":true},{"start":{"line":110,"column":20},"end":{"line":110,"column":49},"skip":true},{"start":{"line":111,"column":20},"end":{"line":111,"column":58},"skip":true},{"start":{"line":112,"column":20},"end":{"line":112,"column":68},"skip":true}]},"15":{"line":129,"type":"if","locations":[{"start":{"line":129,"column":16},"end":{"line":129,"column":16},"skip":true},{"start":{"line":129,"column":16},"end":{"line":129,"column":16},"skip":true}]},"16":{"line":134,"type":"cond-expr","locations":[{"start":{"line":135,"column":26},"end":{"line":135,"column":29},"skip":true},{"start":{"line":136,"column":26},"end":{"line":136,"column":54},"skip":true}]},"17":{"line":164,"type":"binary-expr","locations":[{"start":{"line":164,"column":27},"end":{"line":164,"column":43},"skip":true},{"start":{"line":164,"column":47},"end":{"line":164,"column":49},"skip":true}]},"18":{"line":258,"type":"if","locations":[{"start":{"line":258,"column":8},"end":{"line":258,"column":8},"skip":true},{"start":{"line":258,"column":8},"end":{"line":258,"column":8},"skip":true}]},"19":{"line":275,"type":"switch","locations":[{"start":{"line":276,"column":20},"end":{"line":277,"column":64},"skip":true},{"start":{"line":278,"column":20},"end":{"line":279,"column":40},"skip":true},{"start":{"line":280,"column":20},"end":{"line":281,"column":40},"skip":true},{"start":{"line":282,"column":20},"end":{"line":283,"column":39},"skip":true}]},"20":{"line":288,"type":"if","locations":[{"start":{"line":288,"column":8},"end":{"line":288,"column":8},"skip":true},{"start":{"line":288,"column":8},"end":{"line":288,"column":8},"skip":true}]},"21":{"line":288,"type":"binary-expr","locations":[{"start":{"line":288,"column":12},"end":{"line":288,"column":40},"skip":true},{"start":{"line":288,"column":44},"end":{"line":288,"column":67},"skip":true}]},"22":{"line":292,"type":"binary-expr","locations":[{"start":{"line":292,"column":12},"end":{"line":292,"column":50},"skip":true},{"start":{"line":293,"column":12},"end":{"line":293,"column":53},"skip":true}]},"23":{"line":295,"type":"binary-expr","locations":[{"start":{"line":295,"column":12},"end":{"line":295,"column":76},"skip":true},{"start":{"line":296,"column":12},"end":{"line":301,"column":36},"skip":true}]},"24":{"line":302,"type":"binary-expr","locations":[{"start":{"line":302,"column":43},"end":{"line":302,"column":75},"skip":true},{"start":{"line":302,"column":79},"end":{"line":302,"column":81},"skip":true}]},"25":{"line":305,"type":"if","locations":[{"start":{"line":305,"column":8},"end":{"line":305,"column":8},"skip":true},{"start":{"line":305,"column":8},"end":{"line":305,"column":8},"skip":true}]},"26":{"line":309,"type":"if","locations":[{"start":{"line":309,"column":8},"end":{"line":309,"column":8},"skip":true},{"start":{"line":309,"column":8},"end":{"line":309,"column":8},"skip":true}]},"27":{"line":312,"type":"binary-expr","locations":[{"start":{"line":312,"column":27},"end":{"line":312,"column":43},"skip":true},{"start":{"line":312,"column":47},"end":{"line":312,"column":53},"skip":true}]},"28":{"line":316,"type":"if","locations":[{"start":{"line":316,"column":12},"end":{"line":316,"column":12},"skip":true},{"start":{"line":316,"column":12},"end":{"line":316,"column":12},"skip":true}]}},"code":["/*","example.js","","quickstart example","","instruction","    1. save this script as example.js","    2. run the shell command:","        $ npm install npmtest-eslint-plugin-node && PORT=8081 node example.js","    3. play with the browser-demo on http://127.0.0.1:8081","*/","","","","/* istanbul instrument in package npmtest_eslint_plugin_node */","/*jslint","    bitwise: true,","    browser: true,","    maxerr: 8,","    maxlen: 96,","    node: true,","    nomen: true,","    regexp: true,","    stupid: true","*/","(function () {","    'use strict';","    var local;","","","","    // run shared js-env code - pre-init","    (function () {","        // init local","        local = {};","        // init modeJs","        local.modeJs = (function () {","            try {","                return typeof navigator.userAgent === 'string' &&","                    typeof document.querySelector('body') === 'object' &&","                    typeof XMLHttpRequest.prototype.open === 'function' &&","                    'browser';","            } catch (errorCaughtBrowser) {","                return module.exports &&","                    typeof process.versions.node === 'string' &&","                    typeof require('http').createServer === 'function' &&","                    'node';","            }","        }());","        // init global","        local.global = local.modeJs === 'browser'","            ? window","            : global;","        // init utility2_rollup","        local = local.global.utility2_rollup || (local.modeJs === 'browser'","            ? local.global.utility2_npmtest_eslint_plugin_node","            : global.utility2_moduleExports);","        // export local","        local.global.local = local;","    }());","    switch (local.modeJs) {","","","","    // post-init","    // run browser js-env code - post-init","    /* istanbul ignore next */","    case 'browser':","        local.testRunBrowser = function (event) {","            if (!event || (event &&","                    event.currentTarget &&","                    event.currentTarget.className &&","                    event.currentTarget.className.includes &&","                    event.currentTarget.className.includes('onreset'))) {","                // reset output","                Array.from(","                    document.querySelectorAll('body > .resettable')","                ).forEach(function (element) {","                    switch (element.tagName) {","                    case 'INPUT':","                    case 'TEXTAREA':","                        element.value = '';","                        break;","                    default:","                        element.textContent = '';","                    }","                });","            }","            switch (event && event.currentTarget && event.currentTarget.id) {","            case 'testRunButton1':","                // show tests","                if (document.querySelector('#testReportDiv1').style.display === 'none') {","                    document.querySelector('#testReportDiv1').style.display = 'block';","                    document.querySelector('#testRunButton1').textContent =","                        'hide internal test';","                    local.modeTest = true;","                    local.testRunDefault(local);","                // hide tests","                } else {","                    document.querySelector('#testReportDiv1').style.display = 'none';","                    document.querySelector('#testRunButton1').textContent = 'run internal test';","                }","                break;","            // custom-case","            default:","                break;","            }","            if (document.querySelector('#inputTextareaEval1') && (!event || (event &&","                    event.currentTarget &&","                    event.currentTarget.className &&","                    event.currentTarget.className.includes &&","                    event.currentTarget.className.includes('oneval')))) {","                // try to eval input-code","                try {","                    /*jslint evil: true*/","                    eval(document.querySelector('#inputTextareaEval1').value);","                } catch (errorCaught) {","                    console.error(errorCaught);","                }","            }","        };","        // log stderr and stdout to #outputTextareaStdout1","        ['error', 'log'].forEach(function (key) {","            console[key + '_original'] = console[key];","            console[key] = function () {","                var element;","                console[key + '_original'].apply(console, arguments);","                element = document.querySelector('#outputTextareaStdout1');","                if (!element) {","                    return;","                }","                // append text to #outputTextareaStdout1","                element.value += Array.from(arguments).map(function (arg) {","                    return typeof arg === 'string'","                        ? arg","                        : JSON.stringify(arg, null, 4);","                }).join(' ') + '\\n';","                // scroll textarea to bottom","                element.scrollTop = element.scrollHeight;","            };","        });","        // init event-handling","        ['change', 'click', 'keyup'].forEach(function (event) {","            Array.from(document.querySelectorAll('.on' + event)).forEach(function (element) {","                element.addEventListener(event, local.testRunBrowser);","            });","        });","        // run tests","        local.testRunBrowser();","        break;","","","","    // run node js-env code - post-init","    /* istanbul ignore next */","    case 'node':","        // export local","        module.exports = local;","        // require modules","        local.fs = require('fs');","        local.http = require('http');","        local.url = require('url');","        // init assets","        local.assetsDict = local.assetsDict || {};","        /* jslint-ignore-begin */","        local.assetsDict['/assets.index.template.html'] = '\\","<!doctype html>\\n\\","<html lang=\"en\">\\n\\","<head>\\n\\","<meta charset=\"UTF-8\">\\n\\","<meta name=\"viewport\" content=\"width=device-width, initial-scale=1\">\\n\\","<title>{{env.npm_package_name}} (v{{env.npm_package_version}})</title>\\n\\","<style>\\n\\","/*csslint\\n\\","    box-sizing: false,\\n\\","    universal-selector: false\\n\\","*/\\n\\","* {\\n\\","    box-sizing: border-box;\\n\\","}\\n\\","body {\\n\\","    background: #dde;\\n\\","    font-family: Arial, Helvetica, sans-serif;\\n\\","    margin: 2rem;\\n\\","}\\n\\","body > * {\\n\\","    margin-bottom: 1rem;\\n\\","}\\n\\",".utility2FooterDiv {\\n\\","    margin-top: 20px;\\n\\","    text-align: center;\\n\\","}\\n\\","</style>\\n\\","<style>\\n\\","/*csslint\\n\\","*/\\n\\","textarea {\\n\\","    font-family: monospace;\\n\\","    height: 10rem;\\n\\","    width: 100%;\\n\\","}\\n\\","textarea[readonly] {\\n\\","    background: #ddd;\\n\\","}\\n\\","</style>\\n\\","</head>\\n\\","<body>\\n\\","<!-- utility2-comment\\n\\","<div id=\"ajaxProgressDiv1\" style=\"background: #d00; height: 2px; left: 0; margin: 0; padding: 0; position: fixed; top: 0; transition: background 0.5s, width 1.5s; width: 25%;\"></div>\\n\\","utility2-comment -->\\n\\","<h1>\\n\\","<!-- utility2-comment\\n\\","    <a\\n\\","        {{#if env.npm_package_homepage}}\\n\\","        href=\"{{env.npm_package_homepage}}\"\\n\\","        {{/if env.npm_package_homepage}}\\n\\","        target=\"_blank\"\\n\\","    >\\n\\","utility2-comment -->\\n\\","        {{env.npm_package_name}} (v{{env.npm_package_version}})\\n\\","<!-- utility2-comment\\n\\","    </a>\\n\\","utility2-comment -->\\n\\","</h1>\\n\\","<h3>{{env.npm_package_description}}</h3>\\n\\","<!-- utility2-comment\\n\\","<h4><a download href=\"assets.app.js\">download standalone app</a></h4>\\n\\","<button class=\"onclick onreset\" id=\"testRunButton1\">run internal test</button><br>\\n\\","<div id=\"testReportDiv1\" style=\"display: none;\"></div>\\n\\","utility2-comment -->\\n\\","\\n\\","\\n\\","\\n\\","<label>stderr and stdout</label>\\n\\","<textarea class=\"resettable\" id=\"outputTextareaStdout1\" readonly></textarea>\\n\\","<!-- utility2-comment\\n\\","{{#if isRollup}}\\n\\","<script src=\"assets.app.js\"></script>\\n\\","{{#unless isRollup}}\\n\\","utility2-comment -->\\n\\","<script src=\"assets.utility2.rollup.js\"></script>\\n\\","<script src=\"jsonp.utility2._stateInit?callback=window.utility2._stateInit\"></script>\\n\\","<script src=\"assets.npmtest_eslint_plugin_node.rollup.js\"></script>\\n\\","<script src=\"assets.example.js\"></script>\\n\\","<script src=\"assets.test.js\"></script>\\n\\","<!-- utility2-comment\\n\\","{{/if isRollup}}\\n\\","utility2-comment -->\\n\\","<div class=\"utility2FooterDiv\">\\n\\","    [ this app was created with\\n\\","    <a href=\"https://github.com/kaizhu256/node-utility2\" target=\"_blank\">utility2</a>\\n\\","    ]\\n\\","</div>\\n\\","</body>\\n\\","</html>\\n\\","';","        /* jslint-ignore-end */","        if (local.templateRender) {","            local.assetsDict['/'] = local.templateRender(","                local.assetsDict['/assets.index.template.html'],","                {","                    env: local.objectSetDefault(local.env, {","                        npm_package_description: 'the greatest app in the world!',","                        npm_package_name: 'my-app',","                        npm_package_nameAlias: 'my_app',","                        npm_package_version: '0.0.1'","                    })","                }","            );","        } else {","            local.assetsDict['/'] = local.assetsDict['/assets.index.template.html']","                .replace((/\\{\\{env\\.(\\w+?)\\}\\}/g), function (match0, match1) {","                    // jslint-hack","                    String(match0);","                    switch (match1) {","                    case 'npm_package_description':","                        return 'the greatest app in the world!';","                    case 'npm_package_name':","                        return 'my-app';","                    case 'npm_package_nameAlias':","                        return 'my_app';","                    case 'npm_package_version':","                        return '0.0.1';","                    }","                });","        }","        // run the cli","        if (local.global.utility2_rollup || module !== require.main) {","            break;","        }","        local.assetsDict['/assets.example.js'] =","            local.assetsDict['/assets.example.js'] ||","            local.fs.readFileSync(__filename, 'utf8');","        local.assetsDict['/assets.npmtest_eslint_plugin_node.rollup.js'] =","            local.assetsDict['/assets.npmtest_eslint_plugin_node.rollup.js'] ||","            local.fs.readFileSync(","                // buildCustomOrg-hack","                local.npmtest_eslint_plugin_node.__dirname +","                    '/lib.npmtest_eslint_plugin_node.js',","                'utf8'","            ).replace((/^#!/), '//');","        local.assetsDict['/favicon.ico'] = local.assetsDict['/favicon.ico'] || '';","        // if $npm_config_timeout_exit exists,","        // then exit this process after $npm_config_timeout_exit ms","        if (Number(process.env.npm_config_timeout_exit)) {","            setTimeout(process.exit, Number(process.env.npm_config_timeout_exit));","        }","        // start server","        if (local.global.utility2_serverHttp1) {","            break;","        }","        process.env.PORT = process.env.PORT || '8081';","        console.error('server starting on port ' + process.env.PORT);","        local.http.createServer(function (request, response) {","            request.urlParsed = local.url.parse(request.url);","            if (local.assetsDict[request.urlParsed.pathname] !== undefined) {","                response.end(local.assetsDict[request.urlParsed.pathname]);","                return;","            }","            response.statusCode = 404;","            response.end();","        }).listen(process.env.PORT);","        break;","    }","}());",""],"l":{"26":2,"28":2,"33":2,"35":2,"37":2,"38":2,"39":2,"44":1,"51":2,"55":2,"59":2,"61":2,"69":1,"70":2,"76":2,"79":2,"82":2,"83":2,"85":1,"89":2,"92":1,"93":1,"94":1,"96":1,"97":1,"100":1,"101":1,"103":1,"106":1,"108":2,"114":1,"116":1,"118":1,"123":1,"124":2,"125":2,"126":2,"127":2,"128":2,"129":2,"130":1,"133":2,"134":2,"139":2,"143":1,"144":3,"145":1,"149":1,"150":1,"158":1,"160":1,"161":1,"162":1,"164":1,"166":1,"258":1,"259":1,"271":1,"274":6,"275":6,"277":1,"279":2,"281":1,"283":2,"288":1,"289":1,"291":1,"294":1,"302":1,"305":1,"306":1,"309":1,"310":1,"312":1,"313":1,"314":1,"315":1,"316":1,"317":1,"318":1,"320":1,"321":1,"323":1}},"/home/travis/build/npmtest/node-npmtest-eslint-plugin-node/node_modules/eslint-plugin-node/index.js":{"path":"/home/travis/build/npmtest/node-npmtest-eslint-plugin-node/node_modules/eslint-plugin-node/index.js","s":{"1":1},"b":{},"f":{},"fnMap":{},"statementMap":{"1":{"start":{"line":8,"column":0},"end":{"line":36,"column":1}}},"branchMap":{},"code":["/**"," * @author Toru Nagashima"," * @copyright 2015 Toru Nagashima. All rights reserved."," * See LICENSE file in root directory for full license."," */","\"use strict\"","","module.exports = {","    rules: {","        \"exports-style\": require(\"./lib/rules/exports-style\"),","        \"no-deprecated-api\": require(\"./lib/rules/no-deprecated-api\"),","        \"no-hide-core-modules\": require(\"./lib/rules/no-hide-core-modules\"),","        \"no-missing-import\": require(\"./lib/rules/no-missing-import\"),","        \"no-missing-require\": require(\"./lib/rules/no-missing-require\"),","        \"no-unpublished-bin\": require(\"./lib/rules/no-unpublished-bin\"),","        \"no-unpublished-import\": require(\"./lib/rules/no-unpublished-import\"),","        \"no-unpublished-require\": require(\"./lib/rules/no-unpublished-require\"),","        \"no-unsupported-features\": require(\"./lib/rules/no-unsupported-features\"),","        \"process-exit-as-throw\": require(\"./lib/rules/process-exit-as-throw\"),","        \"shebang\": require(\"./lib/rules/shebang\"),","    },","    rulesConfig: {","        \"exports-style\": \"off\",","        \"no-deprecated-api\": \"off\",","        \"no-hide-core-modules\": \"off\",","        \"no-missing-import\": \"off\",","        \"no-missing-require\": \"off\",","        \"no-unpublished-bin\": \"off\",","        \"no-unpublished-import\": \"off\",","        \"no-unpublished-require\": \"off\",","        \"no-unsupported-features\": \"off\",","        \"process-exit-as-throw\": \"off\",","        \"shebang\": \"off\",","    },","    configs: {recommended: require(\"./conf/recommended.json\")},","}",""],"l":{"8":1}},"/home/travis/build/npmtest/node-npmtest-eslint-plugin-node/node_modules/eslint-plugin-node/lib/rules/exports-style.js":{"path":"/home/travis/build/npmtest/node-npmtest-eslint-plugin-node/node_modules/eslint-plugin-node/lib/rules/exports-style.js","s":{"1":1,"2":0,"3":0,"4":0,"5":0,"6":0,"7":0,"8":0,"9":0,"10":0,"11":0,"12":0,"13":0,"14":0,"15":0,"16":0,"17":1,"18":0,"19":1,"20":0,"21":0,"22":0,"23":0,"24":0,"25":0,"26":0,"27":0,"28":1,"29":0,"30":1,"31":0,"32":0,"33":0,"34":0,"35":0,"36":0,"37":1,"38":0,"39":0,"40":0,"41":0,"42":0,"43":1,"44":0,"45":0,"46":0,"47":1,"48":0,"49":0,"50":1,"51":0,"52":0,"53":0,"54":0,"55":0,"56":0,"57":0,"58":1,"59":0,"60":0,"61":0,"62":0,"63":0,"64":0,"65":0,"66":0,"67":0,"68":0,"69":0,"70":0,"71":0,"72":0,"73":0,"74":0,"75":0,"76":0,"77":0,"78":0,"79":0,"80":0,"81":0,"82":0,"83":0,"84":1},"b":{"1":[0,0,0],"2":[0,0],"3":[0,0,0],"4":[0,0],"5":[0,0],"6":[0,0],"7":[0,0],"8":[0,0],"9":[0,0],"10":[0,0],"11":[0,0],"12":[0,0],"13":[0,0],"14":[0,0],"15":[0,0],"16":[0,0],"17":[0,0],"18":[0,0],"19":[0,0],"20":[0,0],"21":[0,0],"22":[0,0],"23":[0,0],"24":[0,0]},"f":{"1":0,"2":0,"3":0,"4":0,"5":0,"6":0,"7":0,"8":0,"9":0,"10":0,"11":0},"fnMap":{"1":{"name":"getStaticPropertyName","line":20,"loc":{"start":{"line":20,"column":0},"end":{"line":20,"column":37}},"skip":true},"2":{"name":"isAssignee","line":64,"loc":{"start":{"line":64,"column":0},"end":{"line":64,"column":26}}},"3":{"name":"getTopAssignment","line":80,"loc":{"start":{"line":80,"column":0},"end":{"line":80,"column":36}}},"4":{"name":"createAssignmentList","line":107,"loc":{"start":{"line":107,"column":0},"end":{"line":107,"column":37}}},"5":{"name":"getModuleExportsNodes","line":117,"loc":{"start":{"line":117,"column":0},"end":{"line":117,"column":38}}},"6":{"name":"getExportsNodes","line":136,"loc":{"start":{"line":136,"column":0},"end":{"line":136,"column":32}}},"7":{"name":"create","line":150,"loc":{"start":{"line":150,"column":0},"end":{"line":150,"column":25}}},"8":{"name":"getLocation","line":170,"loc":{"start":{"line":170,"column":4},"end":{"line":170,"column":31}}},"9":{"name":"enforceModuleExports","line":184,"loc":{"start":{"line":184,"column":4},"end":{"line":184,"column":36}}},"10":{"name":"enforceExports","line":216,"loc":{"start":{"line":216,"column":4},"end":{"line":216,"column":30}}},"11":{"name":"(anonymous_11)","line":270,"loc":{"start":{"line":270,"column":22},"end":{"line":270,"column":25}}}},"statementMap":{"1":{"start":{"line":20,"column":0},"end":{"line":56,"column":1},"skip":true},"2":{"start":{"line":21,"column":4},"end":{"line":21,"column":19},"skip":true},"3":{"start":{"line":23,"column":4},"end":{"line":34,"column":5},"skip":true},"4":{"start":{"line":26,"column":12},"end":{"line":26,"column":27},"skip":true},"5":{"start":{"line":27,"column":12},"end":{"line":27,"column":17},"skip":true},"6":{"start":{"line":30,"column":12},"end":{"line":30,"column":32},"skip":true},"7":{"start":{"line":31,"column":12},"end":{"line":31,"column":17},"skip":true},"8":{"start":{"line":36,"column":4},"end":{"line":53,"column":5},"skip":true},"9":{"start":{"line":38,"column":12},"end":{"line":38,"column":37},"skip":true},"10":{"start":{"line":41,"column":12},"end":{"line":43,"column":13},"skip":true},"11":{"start":{"line":42,"column":16},"end":{"line":42,"column":50},"skip":true},"12":{"start":{"line":44,"column":12},"end":{"line":44,"column":17},"skip":true},"13":{"start":{"line":47,"column":12},"end":{"line":49,"column":13},"skip":true},"14":{"start":{"line":48,"column":16},"end":{"line":48,"column":32},"skip":true},"15":{"start":{"line":50,"column":12},"end":{"line":50,"column":17},"skip":true},"16":{"start":{"line":55,"column":4},"end":{"line":55,"column":15},"skip":true},"17":{"start":{"line":64,"column":0},"end":{"line":69,"column":1}},"18":{"start":{"line":65,"column":4},"end":{"line":68,"column":5}},"19":{"start":{"line":80,"column":0},"end":{"line":99,"column":1}},"20":{"start":{"line":81,"column":4},"end":{"line":81,"column":23}},"21":{"start":{"line":84,"column":4},"end":{"line":86,"column":5}},"22":{"start":{"line":85,"column":8},"end":{"line":85,"column":26}},"23":{"start":{"line":89,"column":4},"end":{"line":91,"column":5}},"24":{"start":{"line":90,"column":8},"end":{"line":90,"column":19}},"25":{"start":{"line":94,"column":4},"end":{"line":96,"column":5}},"26":{"start":{"line":95,"column":8},"end":{"line":95,"column":26}},"27":{"start":{"line":98,"column":4},"end":{"line":98,"column":15}},"28":{"start":{"line":107,"column":0},"end":{"line":109,"column":1}},"29":{"start":{"line":108,"column":4},"end":{"line":108,"column":54}},"30":{"start":{"line":117,"column":0},"end":{"line":128,"column":1}},"31":{"start":{"line":118,"column":4},"end":{"line":118,"column":44}},"32":{"start":{"line":119,"column":4},"end":{"line":121,"column":5}},"33":{"start":{"line":120,"column":8},"end":{"line":120,"column":17}},"34":{"start":{"line":122,"column":4},"end":{"line":127,"column":10}},"35":{"start":{"line":123,"column":26},"end":{"line":123,"column":53}},"36":{"start":{"line":125,"column":12},"end":{"line":126,"column":53}},"37":{"start":{"line":136,"column":0},"end":{"line":142,"column":1}},"38":{"start":{"line":137,"column":4},"end":{"line":137,"column":45}},"39":{"start":{"line":138,"column":4},"end":{"line":140,"column":5}},"40":{"start":{"line":139,"column":8},"end":{"line":139,"column":17}},"41":{"start":{"line":141,"column":4},"end":{"line":141,"column":69}},"42":{"start":{"line":141,"column":48},"end":{"line":141,"column":68}},"43":{"start":{"line":150,"column":0},"end":{"line":283,"column":1}},"44":{"start":{"line":151,"column":4},"end":{"line":151,"column":55}},"45":{"start":{"line":152,"column":4},"end":{"line":155,"column":5}},"46":{"start":{"line":156,"column":4},"end":{"line":156,"column":46}},"47":{"start":{"line":170,"column":4},"end":{"line":176,"column":5}},"48":{"start":{"line":171,"column":8},"end":{"line":171,"column":52}},"49":{"start":{"line":172,"column":8},"end":{"line":175,"column":9}},"50":{"start":{"line":184,"column":4},"end":{"line":208,"column":5}},"51":{"start":{"line":185,"column":8},"end":{"line":185,"column":46}},"52":{"start":{"line":186,"column":8},"end":{"line":186,"column":57}},"53":{"start":{"line":187,"column":8},"end":{"line":189,"column":16}},"54":{"start":{"line":191,"column":8},"end":{"line":207,"column":9}},"55":{"start":{"line":193,"column":12},"end":{"line":197,"column":13}},"56":{"start":{"line":196,"column":16},"end":{"line":196,"column":24}},"57":{"start":{"line":200,"column":12},"end":{"line":206,"column":14}},"58":{"start":{"line":216,"column":4},"end":{"line":267,"column":5}},"59":{"start":{"line":217,"column":8},"end":{"line":217,"column":46}},"60":{"start":{"line":218,"column":8},"end":{"line":218,"column":57}},"61":{"start":{"line":219,"column":8},"end":{"line":219,"column":69}},"62":{"start":{"line":220,"column":8},"end":{"line":222,"column":16}},"63":{"start":{"line":223,"column":8},"end":{"line":223,"column":34}},"64":{"start":{"line":225,"column":8},"end":{"line":244,"column":9}},"65":{"start":{"line":227,"column":12},"end":{"line":234,"column":13}},"66":{"start":{"line":228,"column":16},"end":{"line":228,"column":72}},"67":{"start":{"line":229,"column":16},"end":{"line":233,"column":17}},"68":{"start":{"line":230,"column":20},"end":{"line":230,"column":59}},"69":{"start":{"line":231,"column":20},"end":{"line":231,"column":47}},"70":{"start":{"line":232,"column":20},"end":{"line":232,"column":28}},"71":{"start":{"line":237,"column":12},"end":{"line":243,"column":14}},"72":{"start":{"line":247,"column":8},"end":{"line":266,"column":9}},"73":{"start":{"line":249,"column":12},"end":{"line":251,"column":13}},"74":{"start":{"line":250,"column":16},"end":{"line":250,"column":24}},"75":{"start":{"line":254,"column":12},"end":{"line":256,"column":13}},"76":{"start":{"line":255,"column":16},"end":{"line":255,"column":24}},"77":{"start":{"line":259,"column":12},"end":{"line":265,"column":14}},"78":{"start":{"line":269,"column":4},"end":{"line":282,"column":5}},"79":{"start":{"line":271,"column":12},"end":{"line":280,"column":13}},"80":{"start":{"line":273,"column":20},"end":{"line":273,"column":42}},"81":{"start":{"line":274,"column":20},"end":{"line":274,"column":25}},"82":{"start":{"line":276,"column":20},"end":{"line":276,"column":36}},"83":{"start":{"line":277,"column":20},"end":{"line":277,"column":25}},"84":{"start":{"line":289,"column":0},"end":{"line":309,"column":1}}},"branchMap":{"1":{"line":23,"type":"switch","locations":[{"start":{"line":24,"column":8},"end":{"line":24,"column":24},"skip":true},{"start":{"line":25,"column":8},"end":{"line":27,"column":17},"skip":true},{"start":{"line":29,"column":8},"end":{"line":31,"column":17},"skip":true}]},"2":{"line":23,"type":"binary-expr","locations":[{"start":{"line":23,"column":12},"end":{"line":23,"column":16},"skip":true},{"start":{"line":23,"column":20},"end":{"line":23,"column":29},"skip":true}]},"3":{"line":36,"type":"switch","locations":[{"start":{"line":37,"column":8},"end":{"line":38,"column":37},"skip":true},{"start":{"line":40,"column":8},"end":{"line":44,"column":17},"skip":true},{"start":{"line":46,"column":8},"end":{"line":50,"column":17},"skip":true}]},"4":{"line":36,"type":"binary-expr","locations":[{"start":{"line":36,"column":12},"end":{"line":36,"column":16},"skip":true},{"start":{"line":36,"column":20},"end":{"line":36,"column":29},"skip":true}]},"5":{"line":41,"type":"if","locations":[{"start":{"line":41,"column":12},"end":{"line":41,"column":12},"skip":true},{"start":{"line":41,"column":12},"end":{"line":41,"column":12},"skip":true}]},"6":{"line":41,"type":"binary-expr","locations":[{"start":{"line":41,"column":16},"end":{"line":41,"column":45},"skip":true},{"start":{"line":41,"column":49},"end":{"line":41,"column":73},"skip":true}]},"7":{"line":47,"type":"if","locations":[{"start":{"line":47,"column":12},"end":{"line":47,"column":12},"skip":true},{"start":{"line":47,"column":12},"end":{"line":47,"column":12},"skip":true}]},"8":{"line":66,"type":"binary-expr","locations":[{"start":{"line":66,"column":8},"end":{"line":66,"column":51}},{"start":{"line":67,"column":8},"end":{"line":67,"column":33}}]},"9":{"line":84,"type":"binary-expr","locations":[{"start":{"line":84,"column":11},"end":{"line":84,"column":50}},{"start":{"line":84,"column":54},"end":{"line":84,"column":81}}]},"10":{"line":89,"type":"if","locations":[{"start":{"line":89,"column":4},"end":{"line":89,"column":4}},{"start":{"line":89,"column":4},"end":{"line":89,"column":4}}]},"11":{"line":119,"type":"if","locations":[{"start":{"line":119,"column":4},"end":{"line":119,"column":4}},{"start":{"line":119,"column":4},"end":{"line":119,"column":4}}]},"12":{"line":125,"type":"binary-expr","locations":[{"start":{"line":125,"column":12},"end":{"line":125,"column":44}},{"start":{"line":126,"column":12},"end":{"line":126,"column":53}}]},"13":{"line":138,"type":"if","locations":[{"start":{"line":138,"column":4},"end":{"line":138,"column":4}},{"start":{"line":138,"column":4},"end":{"line":138,"column":4}}]},"14":{"line":151,"type":"binary-expr","locations":[{"start":{"line":151,"column":17},"end":{"line":151,"column":35}},{"start":{"line":151,"column":39},"end":{"line":151,"column":55}}]},"15":{"line":153,"type":"binary-expr","locations":[{"start":{"line":153,"column":8},"end":{"line":153,"column":34}},{"start":{"line":154,"column":8},"end":{"line":154,"column":43}}]},"16":{"line":187,"type":"cond-expr","locations":[{"start":{"line":188,"column":14},"end":{"line":188,"column":70}},{"start":{"line":189,"column":14},"end":{"line":189,"column":16}}]},"17":{"line":193,"type":"if","locations":[{"start":{"line":193,"column":12},"end":{"line":193,"column":12}},{"start":{"line":193,"column":12},"end":{"line":193,"column":12}}]},"18":{"line":193,"type":"binary-expr","locations":[{"start":{"line":193,"column":16},"end":{"line":193,"column":37}},{"start":{"line":194,"column":16},"end":{"line":194,"column":65}}]},"19":{"line":220,"type":"cond-expr","locations":[{"start":{"line":221,"column":14},"end":{"line":221,"column":48}},{"start":{"line":222,"column":14},"end":{"line":222,"column":16}}]},"20":{"line":227,"type":"if","locations":[{"start":{"line":227,"column":12},"end":{"line":227,"column":12}},{"start":{"line":227,"column":12},"end":{"line":227,"column":12}}]},"21":{"line":229,"type":"if","locations":[{"start":{"line":229,"column":16},"end":{"line":229,"column":16}},{"start":{"line":229,"column":16},"end":{"line":229,"column":16}}]},"22":{"line":249,"type":"if","locations":[{"start":{"line":249,"column":12},"end":{"line":249,"column":12}},{"start":{"line":249,"column":12},"end":{"line":249,"column":12}}]},"23":{"line":254,"type":"if","locations":[{"start":{"line":254,"column":12},"end":{"line":254,"column":12}},{"start":{"line":254,"column":12},"end":{"line":254,"column":12}}]},"24":{"line":271,"type":"switch","locations":[{"start":{"line":272,"column":16},"end":{"line":274,"column":25}},{"start":{"line":275,"column":16},"end":{"line":277,"column":25}}]}},"code":["/**"," * @author Toru Nagashima"," * @copyright 2016 Toru Nagashima. All rights reserved."," * See LICENSE file in root directory for full license."," */","\"use strict\"","","//------------------------------------------------------------------------------","// Helpers","//------------------------------------------------------------------------------","","/*istanbul ignore next */","/**"," * This function is copied from https://github.com/eslint/eslint/blob/2355f8d0de1d6732605420d15ddd4f1eee3c37b6/lib/ast-utils.js#L648-L684"," *"," * @param {ASTNode} node - The node to get."," * @returns {string|null} The property name if static. Otherwise, null."," * @private"," */","function getStaticPropertyName(node) {","    let prop = null","","    switch (node && node.type) {","        case \"Property\":","        case \"MethodDefinition\":","            prop = node.key","            break","","        case \"MemberExpression\":","            prop = node.property","            break","","        // no default","    }","","    switch (prop && prop.type) {","        case \"Literal\":","            return String(prop.value)","","        case \"TemplateLiteral\":","            if (prop.expressions.length === 0 && prop.quasis.length === 1) {","                return prop.quasis[0].value.cooked","            }","            break","","        case \"Identifier\":","            if (!node.computed) {","                return prop.name","            }","            break","","        // no default","    }","","    return null","}","","/**"," * Checks whether the given node is assignee or not."," *"," * @param {ASTNode} node - The node to check."," * @returns {boolean} `true` if the node is assignee."," */","function isAssignee(node) {","    return (","        node.parent.type === \"AssignmentExpression\" &&","        node.parent.left === node","    )","}","","/**"," * Gets the top assignment expression node if the given node is an assignee."," *"," * This is used to distinguish 2 assignees belong to the same assignment."," * If the node is not an assignee, this returns null."," *"," * @param {ASTNode} leafNode - The node to get."," * @returns {ASTNode|null} The top assignment expression node, or null."," */","function getTopAssignment(leafNode) {","    let node = leafNode","","    // Skip MemberExpressions.","    while (node.parent.type === \"MemberExpression\" && node.parent.object === node) {","        node = node.parent","    }","","    // Check assignments.","    if (!isAssignee(node)) {","        return null","    }","","    // Find the top.","    while (node.parent.type === \"AssignmentExpression\") {","        node = node.parent","    }","","    return node","}","","/**"," * Gets top assignment nodes of the given node list."," *"," * @param {ASTNode[]} nodes - The node list to get."," * @returns {ASTNode[]} Gotten top assignment nodes."," */","function createAssignmentList(nodes) {","    return nodes.map(getTopAssignment).filter(Boolean)","}","","/**"," * Gets the reference of `module.exports` from the given scope."," *"," * @param {escope.Scope} scope - The scope to get."," * @returns {ASTNode[]} Gotten MemberExpression node list."," */","function getModuleExportsNodes(scope) {","    const variable = scope.set.get(\"module\")","    if (variable == null) {","        return []","    }","    return variable.references","        .map(reference => reference.identifier.parent)","        .filter(node => (","            node.type === \"MemberExpression\" &&","            getStaticPropertyName(node) === \"exports\"","        ))","}","","/**"," * Gets the reference of `exports` from the given scope."," *"," * @param {escope.Scope} scope - The scope to get."," * @returns {ASTNode[]} Gotten Identifier node list."," */","function getExportsNodes(scope) {","    const variable = scope.set.get(\"exports\")","    if (variable == null) {","        return []","    }","    return variable.references.map(reference => reference.identifier)","}","","/**"," * The definition of this rule."," *"," * @param {RuleContext} context - The rule context to check."," * @returns {object} The definition of this rule."," */","function create(context) {","    const mode = context.options[0] || \"module.exports\"","    const batchAssignAllowed = Boolean(","        context.options[1] != null &&","        context.options[1].allowBatchAssign","    )","    const sourceCode = context.getSourceCode()","","    /**","     * Gets the location info of reports.","     *","     * exports = foo","     * ^^^^^^^^^","     *","     * module.exports = foo","     * ^^^^^^^^^^^^^^^^","     *","     * @param {ASTNode} node - The node of `exports`/`module.exports`.","     * @returns {Location} The location info of reports.","     */","    function getLocation(node) {","        const token = sourceCode.getTokenAfter(node)","        return {","            start: node.loc.start,","            end: token.loc.end,","        }","    }","","    /**","     * Enforces `module.exports`.","     * This warns references of `exports`.","     *","     * @returns {void}","     */","    function enforceModuleExports() {","        const globalScope = context.getScope()","        const exportsNodes = getExportsNodes(globalScope)","        const assignList = batchAssignAllowed","            ? createAssignmentList(getModuleExportsNodes(globalScope))","            : []","","        for (const node of exportsNodes) {","            // Skip if it's a batch assignment.","            if (assignList.length > 0 &&","                assignList.indexOf(getTopAssignment(node)) !== -1","            ) {","                continue","            }","","            // Report.","            context.report({","                node,","                loc: getLocation(node),","                message:","                    \"Unexpected access to 'exports'. \" +","                    \"Use 'module.exports' instead.\",","            })","        }","    }","","    /**","     * Enforces `exports`.","     * This warns references of `module.exports`.","     *","     * @returns {void}","     */","    function enforceExports() {","        const globalScope = context.getScope()","        const exportsNodes = getExportsNodes(globalScope)","        const moduleExportsNodes = getModuleExportsNodes(globalScope)","        const assignList = batchAssignAllowed","            ? createAssignmentList(exportsNodes)","            : []","        const batchAssignList = []","","        for (const node of moduleExportsNodes) {","            // Skip if it's a batch assignment.","            if (assignList.length > 0) {","                const found = assignList.indexOf(getTopAssignment(node))","                if (found !== -1) {","                    batchAssignList.push(assignList[found])","                    assignList.splice(found, 1)","                    continue","                }","            }","","            // Report.","            context.report({","                node,","                loc: getLocation(node),","                message:","                    \"Unexpected access to 'module.exports'. \" +","                    \"Use 'exports' instead.\",","            })","        }","","        // Disallow direct assignment to `exports`.","        for (const node of exportsNodes) {","            // Skip if it's not assignee.","            if (!isAssignee(node)) {","                continue","            }","","            // Check if it's a batch assignment.","            if (batchAssignList.indexOf(getTopAssignment(node)) !== -1) {","                continue","            }","","            // Report.","            context.report({","                node,","                loc: getLocation(node),","                message:","                    \"Unexpected assignment to 'exports'. \" +","                    \"Don't modify 'exports' itself.\",","            })","        }","    }","","    return {","        \"Program:exit\"() {","            switch (mode) {","                case \"module.exports\":","                    enforceModuleExports()","                    break","                case \"exports\":","                    enforceExports()","                    break","","                // no default","            }","        },","    }","}","","//------------------------------------------------------------------------------","// Rule Definition","//------------------------------------------------------------------------------","","module.exports = {","    create,","    meta: {","        docs: {","            description: \"enforce either `module.exports` or `exports`\",","            category: \"Stylistic Issues\",","            recommended: false,","        },","        fixable: false,","        schema: [","            { //","                enum: [\"module.exports\", \"exports\"],","            },","            {","                type: \"object\",","                properties: {allowBatchAssign: {type: \"boolean\"}},","                additionalProperties: false,","            },","        ],","    },","}",""],"l":{"20":1,"21":1,"23":1,"26":1,"27":1,"30":1,"31":1,"36":1,"38":1,"41":1,"42":1,"44":1,"47":1,"48":1,"50":1,"55":1,"64":1,"65":0,"80":1,"81":0,"84":0,"85":0,"89":0,"90":0,"94":0,"95":0,"98":0,"107":1,"108":0,"117":1,"118":0,"119":0,"120":0,"122":0,"123":0,"125":0,"136":1,"137":0,"138":0,"139":0,"141":0,"150":1,"151":0,"152":0,"156":0,"170":1,"171":0,"172":0,"184":1,"185":0,"186":0,"187":0,"191":0,"193":0,"196":0,"200":0,"216":1,"217":0,"218":0,"219":0,"220":0,"223":0,"225":0,"227":0,"228":0,"229":0,"230":0,"231":0,"232":0,"237":0,"247":0,"249":0,"250":0,"254":0,"255":0,"259":0,"269":0,"271":0,"273":0,"274":0,"276":0,"277":0,"289":1}},"/home/travis/build/npmtest/node-npmtest-eslint-plugin-node/node_modules/eslint-plugin-node/lib/rules/no-deprecated-api.js":{"path":"/home/travis/build/npmtest/node-npmtest-eslint-plugin-node/node_modules/eslint-plugin-node/lib/rules/no-deprecated-api.js","s":{"1":1,"2":1,"3":1,"4":1,"5":1,"6":1,"7":1,"8":21,"9":69,"10":69,"11":2,"12":67,"13":2,"14":65,"15":65,"16":46,"17":19,"18":65,"19":21,"20":1,"21":0,"22":0,"23":0,"24":0,"25":0,"26":1,"27":0,"28":1,"29":0,"30":0,"31":0,"32":0,"33":0,"34":0,"35":0,"36":0,"37":0,"38":0,"39":1,"40":0,"41":1,"42":0,"43":0,"44":0,"45":0,"46":0,"47":0,"48":0,"49":0,"50":0,"51":0,"52":0,"53":0,"54":0,"55":0,"56":0,"57":1,"58":0,"59":0,"60":0,"61":0,"62":0,"63":0,"64":1,"65":0,"66":0,"67":0,"68":0,"69":1,"70":0,"71":1,"72":0,"73":0,"74":1,"75":0,"76":0,"77":0,"78":0,"79":1,"80":0,"81":0,"82":0,"83":0,"84":1,"85":0,"86":0,"87":0,"88":0,"89":1,"90":0,"91":0,"92":0,"93":0,"94":0,"95":0,"96":0,"97":0,"98":0,"99":0,"100":0,"101":0,"102":0,"103":0,"104":0,"105":0,"106":0,"107":1,"108":0,"109":0,"110":0,"111":0,"112":0,"113":0,"114":0,"115":0,"116":0,"117":0,"118":0,"119":0,"120":0,"121":0,"122":0,"123":0,"124":0,"125":0,"126":0,"127":0,"128":0,"129":0,"130":0,"131":0,"132":0,"133":0,"134":0,"135":0,"136":0,"137":0,"138":0,"139":1,"140":0,"141":0,"142":0,"143":1,"144":0,"145":0,"146":0,"147":0,"148":0,"149":0,"150":0,"151":0,"152":0,"153":0,"154":0,"155":0,"156":0,"157":0,"158":1,"159":0,"160":0,"161":0,"162":0,"163":0,"164":0,"165":0,"166":0,"167":0,"168":0,"169":0,"170":0,"171":0,"172":0,"173":0,"174":1,"175":0,"176":0,"177":0,"178":0,"179":0,"180":0,"181":0,"182":0,"183":0,"184":1,"185":0,"186":0,"187":0,"188":0,"189":0,"190":0,"191":0,"192":0,"193":0,"194":0,"195":0,"196":1},"b":{"1":[2,67],"2":[2,65],"3":[46,19],"4":[0,0],"5":[0,0],"6":[0,0],"7":[0,0],"8":[0,0],"9":[0,0],"10":[0,0],"11":[0,0],"12":[0,0],"13":[0,0],"14":[0,0],"15":[0,0],"16":[0,0],"17":[0,0],"18":[0,0],"19":[0,0],"20":[0,0],"21":[0,0],"22":[0,0],"23":[0,0],"24":[0,0],"25":[0,0],"26":[0,0],"27":[0,0,0],"28":[0,0],"29":[0,0],"30":[0,0],"31":[0,0],"32":[0,0,0,0,0,0],"33":[0,0],"34":[0,0],"35":[0,0],"36":[0,0],"37":[0,0],"38":[0,0],"39":[0,0],"40":[0,0],"41":[0,0],"42":[0,0],"43":[0,0],"44":[0,0,0],"45":[0,0],"46":[0,0],"47":[0,0],"48":[0,0],"49":[0,0],"50":[0,0],"51":[0,0],"52":[0,0],"53":[0,0],"54":[0,0],"55":[0,0],"56":[0,0],"57":[0,0]},"f":{"1":21,"2":0,"3":0,"4":0,"5":0,"6":0,"7":0,"8":0,"9":0,"10":0,"11":0,"12":0,"13":0,"14":0,"15":0,"16":0,"17":0,"18":0,"19":0,"20":0,"21":0},"fnMap":{"1":{"name":"getDeprecatedItems","line":36,"loc":{"start":{"line":36,"column":0},"end":{"line":36,"column":55}}},"2":{"name":"toVersionText","line":69,"loc":{"start":{"line":69,"column":0},"end":{"line":69,"column":30}}},"3":{"name":"toReplaceMessage","line":85,"loc":{"start":{"line":85,"column":0},"end":{"line":85,"column":38}}},"4":{"name":"getPropertyName","line":95,"loc":{"start":{"line":95,"column":0},"end":{"line":95,"column":31}}},"5":{"name":"isImportDeclaration","line":125,"loc":{"start":{"line":125,"column":0},"end":{"line":125,"column":35}}},"6":{"name":"findVariable","line":136,"loc":{"start":{"line":136,"column":0},"end":{"line":136,"column":42}}},"7":{"name":"getTopMemberExpression","line":172,"loc":{"start":{"line":172,"column":0},"end":{"line":172,"column":44}}},"8":{"name":"create","line":191,"loc":{"start":{"line":191,"column":0},"end":{"line":191,"column":25}}},"9":{"name":"report","line":205,"loc":{"start":{"line":205,"column":4},"end":{"line":205,"column":38}}},"10":{"name":"reportModule","line":226,"loc":{"start":{"line":226,"column":4},"end":{"line":226,"column":44}}},"11":{"name":"reportCall","line":240,"loc":{"start":{"line":240,"column":4},"end":{"line":240,"column":42}}},"12":{"name":"reportConstructor","line":257,"loc":{"start":{"line":257,"column":4},"end":{"line":257,"column":49}}},"13":{"name":"reportProperty","line":275,"loc":{"start":{"line":275,"column":4},"end":{"line":275,"column":51}}},"14":{"name":"checkDestructuring","line":292,"loc":{"start":{"line":292,"column":4},"end":{"line":292,"column":53}}},"15":{"name":"checkProperties","line":334,"loc":{"start":{"line":334,"column":4},"end":{"line":334,"column":50}}},"16":{"name":"checkVariable","line":402,"loc":{"start":{"line":402,"column":4},"end":{"line":402,"column":52}}},"17":{"name":"checkImportSpecifier","line":416,"loc":{"start":{"line":416,"column":4},"end":{"line":416,"column":55}}},"18":{"name":"checkCommonJsModules","line":461,"loc":{"start":{"line":461,"column":4},"end":{"line":461,"column":36}}},"19":{"name":"checkES2015Modules","line":493,"loc":{"start":{"line":493,"column":4},"end":{"line":493,"column":45}}},"20":{"name":"checkGlobals","line":516,"loc":{"start":{"line":516,"column":4},"end":{"line":516,"column":28}}},"21":{"name":"(anonymous_21)","line":530,"loc":{"start":{"line":530,"column":22},"end":{"line":530,"column":29}}}},"statementMap":{"1":{"start":{"line":13,"column":0},"end":{"line":13,"column":39}},"2":{"start":{"line":14,"column":0},"end":{"line":14,"column":57}},"3":{"start":{"line":15,"column":0},"end":{"line":15,"column":63}},"4":{"start":{"line":21,"column":0},"end":{"line":21,"column":185}},"5":{"start":{"line":22,"column":0},"end":{"line":22,"column":71}},"6":{"start":{"line":23,"column":0},"end":{"line":23,"column":71}},"7":{"start":{"line":36,"column":0},"end":{"line":61,"column":1}},"8":{"start":{"line":37,"column":4},"end":{"line":58,"column":5}},"9":{"start":{"line":38,"column":8},"end":{"line":38,"column":36}},"10":{"start":{"line":40,"column":8},"end":{"line":57,"column":9}},"11":{"start":{"line":41,"column":12},"end":{"line":41,"column":47}},"12":{"start":{"line":43,"column":13},"end":{"line":57,"column":9}},"13":{"start":{"line":44,"column":12},"end":{"line":44,"column":51}},"14":{"start":{"line":47,"column":12},"end
[...]
true},{"start":{"line":78,"column":8},"end":{"line":78,"column":8},"skip":true}]},"6":{"line":78,"type":"binary-expr","locations":[{"start":{"line":78,"column":12},"end":{"line":78,"column":42},"skip":true},{"start":{"line":78,"column":46},"end":{"line":78,"column":57},"skip":true}]},"7":{"line":80,"type":"if","locations":[{"start":{"line":80,"column":12},"end":{"line":80,"column":12},"skip":true},{"start":{"line":80,"column":12},"end":{"line":80,"column":12},"skip":true}]},"8":{"line":98,"type":"binary-expr","locations":[{"start":{"line":98,"column":8},"end":{"line":98,"column":38}},{"start":{"line":99,"column":8},"end":{"line":99,"column":47}},{"start":{"line":100,"column":8},"end":{"line":100,"column":38}},{"start":{"line":101,"column":8},"end":{"line":101,"column":48}},{"start":{"line":102,"column":8},"end":{"line":102,"column":45}},{"start":{"line":103,"column":8},"end":{"line":103,"column":50}},{"start":{"line":104,"column":8},"end":{"line":104,"column":44}}]},"9":{"line":117,"type":"if","locations":[{"start":{"line":117,"column":4},"end":{"line":117,"column":4}},{"start":{"line":117,"column":4},"end":{"line":117,"column":4}}]},"10":{"line":131,"type":"cond-expr","locations":[{"start":{"line":131,"column":43},"end":{"line":131,"column":45}},{"start":{"line":131,"column":48},"end":{"line":138,"column":1}}]}},"code":["/**"," * @author Toru Nagashima"," * @copyright 2016 Toru Nagashima. All rights reserved."," * See LICENSE file in root directory for full license."," */","\"use strict\"","","//------------------------------------------------------------------------------","// Requirements","//------------------------------------------------------------------------------","","const CodePathAnalyzer = safeRequire(\"eslint/lib/code-path-analysis/code-path-analyzer\")","const CodePath = safeRequire(\"eslint/lib/code-path-analysis/code-path\")","const CodePathSegment = safeRequire(\"eslint/lib/code-path-analysis/code-path-segment\")","","//------------------------------------------------------------------------------","// Helpers","//------------------------------------------------------------------------------","","const originalLeaveNode = CodePathAnalyzer && CodePathAnalyzer.prototype.leaveNode","","/**"," * Imports a specific module."," *"," * @param {string} moduleName - A module name to import."," * @returns {object|null} The imported object, or null."," */","function safeRequire(moduleName) {","    try {","        return require(moduleName)","    }","    catch (_err) {","        return null","    }","}","","/* istanbul ignore next */","/**"," * Copied from https://github.com/eslint/eslint/blob/16fad5880bb70e9dddbeab8ed0f425ae51f5841f/lib/code-path-analysis/code-path-analyzer.js#L137"," *"," * @param {CodePathAnalyzer} analyzer - The instance."," * @param {ASTNode} node - The current AST node."," * @returns {void}"," */","function forwardCurrentToHead(analyzer, node) {","    const codePath = analyzer.codePath","    const state = CodePath.getState(codePath)","    const currentSegments = state.currentSegments","    const headSegments = state.headSegments","    const end = Math.max(currentSegments.length, headSegments.length)","    let i = 0","    let currentSegment = null","    let headSegment = null","","    // Fires leaving events.","    for (i = 0; i < end; ++i) {","        currentSegment = currentSegments[i]","        headSegment = headSegments[i]","","        if (currentSegment !== headSegment && currentSegment) {","            if (currentSegment.reachable) {","                analyzer.emitter.emit(","                    \"onCodePathSegmentEnd\",","                    currentSegment,","                    node)","            }","        }","    }","","    // Update state.","    state.currentSegments = headSegments","","    // Fires entering events.","    for (i = 0; i < end; ++i) {","        currentSegment = currentSegments[i]","        headSegment = headSegments[i]","","        if (currentSegment !== headSegment && headSegment) {","            CodePathSegment.markUsed(headSegment)","            if (headSegment.reachable) {","                analyzer.emitter.emit(","                    \"onCodePathSegmentStart\",","                    headSegment,","                    node)","            }","        }","    }","}","","/**"," * Checks whether a given node is `process.exit()` or not."," *"," * @param {ASTNode} node - A node to check."," * @returns {boolean} `true` if the node is `process.exit()`."," */","function isProcessExit(node) {","    return (","        node.type === \"CallExpression\" &&","        node.callee.type === \"MemberExpression\" &&","        node.callee.computed === false &&","        node.callee.object.type === \"Identifier\" &&","        node.callee.object.name === \"process\" &&","        node.callee.property.type === \"Identifier\" &&","        node.callee.property.name === \"exit\"","    )","}","","/**"," * The function to override `CodePathAnalyzer.prototype.leaveNode` in order to"," * address `process.exit()` as throw."," *"," * @this CodePathAnalyzer"," * @param {ASTNode} node - A node to be left."," * @returns {void}"," */","function overrideLeaveNode(node) {","    if (isProcessExit(node)) {","        this.currentNode = node","","        forwardCurrentToHead(this, node)","        CodePath.getState(this.codePath).makeThrow()","","        this.original.leaveNode(node)","        this.currentNode = null","    }","    else {","        originalLeaveNode.call(this, node)","    }","}","","const visitor = CodePathAnalyzer == null ? {} : {","    \"Program\": function installProcessExitAsThrow() {","        CodePathAnalyzer.prototype.leaveNode = overrideLeaveNode","    },","    \"Program:exit\": function restoreProcessExitAsThrow() {","        CodePathAnalyzer.prototype.leaveNode = originalLeaveNode","    },","}","","//------------------------------------------------------------------------------","// Rule Definition","//------------------------------------------------------------------------------","","module.exports = {","    meta: {","        docs: {","            description: \"make the same code path as `throw` at `process.exit()`\",","            category: \"Possible Errors\",","            recommended: false,","        },","        fixable: false,","        schema: [],","        supported: CodePathAnalyzer != null,","    },","    create() {","        return visitor","    },","}",""],"l":{"12":1,"13":1,"14":1,"20":1,"28":1,"29":3,"30":3,"33":0,"45":1,"46":1,"47":1,"48":1,"49":1,"50":1,"51":1,"52":1,"53":1,"56":1,"57":1,"58":1,"60":1,"61":1,"62":1,"71":1,"74":1,"75":1,"76":1,"78":1,"79":1,"80":1,"81":1,"96":1,"97":0,"116":1,"117":0,"118":0,"120":0,"121":0,"123":0,"124":0,"127":0,"131":1,"133":0,"136":0,"144":1,"156":0}},"/home/travis/build/npmtest/node-npmtest-eslint-plugin-node/node_modules/eslint-plugin-node/lib/rules/shebang.js":{"path":"/home/travis/build/npmtest/node-npmtest-eslint-plugin-node/node_modules/eslint-plugin-node/lib/rules/shebang.js","s":{"1":1,"2":1,"3":1,"4":1,"5":1,"6":1,"7":1,"8":0,"9":0,"10":0,"11":0,"12":0,"13":0,"14":1,"15":0,"16":0,"17":1,"18":0,"19":0,"20":0,"21":0,"22":0,"23":0,"24":0,"25":0,"26":0,"27":0,"28":0,"29":0,"30":0,"31":0,"32":0,"33":0,"34":0,"35":0,"36":0,"37":0,"38":0,"39":0,"40":0,"41":0,"42":0,"43":0,"44":1},"b":{"1":[0,0],"2":[0,0],"3":[0,0],"4":[0,0,0],"5":[0,0,0,0],"6":[0,0],"7":[0,0],"8":[0,0],"9":[0,0],"10":[0,0],"11":[0,0],"12":[0,0],"13":[0,0],"14":[0,0]},"f":{"1":0,"2":0,"3":0,"4":0,"5":0,"6":0,"7":0,"8":0},"fnMap":{"1":{"name":"isBinFile","line":32,"loc":{"start":{"line":32,"column":0},"end":{"line":32,"column":48}}},"2":{"name":"getShebangInfo","line":50,"loc":{"start":{"line":50,"column":0},"end":{"line":50,"column":36}}},"3":{"name":"create","line":67,"loc":{"start":{"line":67,"column":0},"end":{"line":67,"column":25}}},"4":{"name":"(anonymous_4)","line":90,"loc":{"start":{"line":90,"column":15},"end":{"line":90,"column":22}}},"5":{"name":"(anonymous_5)","line":98,"loc":{"start":{"line":98,"column":27},"end":{"line":98,"column":35}}},"6":{"name":"(anonymous_6)","line":107,"loc":{"start":{"line":107,"column":27},"end":{"line":107,"column":35}}},"7":{"name":"(anonymous_7)","line":119,"loc":{"start":{"line":119,"column":23},"end":{"line":119,"column":31}}},"8":{"name":"(anonymous_8)","line":129,"loc":{"start":{"line":129,"column":23},"end":{"line":129,"column":31}}}},"statementMap":{"1":{"start":{"line":12,"column":0},"end":{"line":12,"column":28}},"2":{"start":{"line":13,"column":0},"end":{"line":13,"column":58}},"3":{"start":{"line":14,"column":0},"end":{"line":14,"column":58}},"4":{"start":{"line":20,"column":0},"end":{"line":20,"column":44}},"5":{"start":{"line":21,"column":0},"end":{"line":21,"column":42}},"6":{"start":{"line":22,"column":0},"end":{"line":22,"column":70}},"7":{"start":{"line":32,"column":0},"end":{"line":40,"column":1}},"8":{"start":{"line":33,"column":4},"end":{"line":35,"column":5}},"9":{"start":{"line":34,"column":8},"end":{"line":34,"column":20}},"10":{"start":{"line":36,"column":4},"end":{"line":38,"column":5}},"11":{"start":{"line":37,"column":8},"end":{"line":37,"column":59}},"12":{"start":{"line":39,"column":4},"end":{"line":39,"column":95}},"13":{"start":{"line":39,"column":45},"end":{"line":39,"column":94}},"14":{"start":{"line":50,"column":0},"end":{"line":59,"column":1}},"15":{"start":{"line":51,"column":4},"end":{"line":51,"column":51}},"16":{"start":{"line":53,"column":4},"end":{"line":58,"column":5}},"17":{"start":{"line":67,"column":0},"end":{"line":136,"column":1}},"18":{"start":{"line":68,"column":4},"end":{"line":68,"column":46}},"19":{"start":{"line":69,"column":4},"end":{"line":69,"column":40}},"20":{"start":{"line":70,"column":4},"end":{"line":72,"column":5}},"21":{"start":{"line":71,"column":8},"end":{"line":71,"column":17}},"22":{"start":{"line":73,"column":4},"end":{"line":73,"column":37}},"23":{"start":{"line":75,"column":4},"end":{"line":75,"column":38}},"24":{"start":{"line":76,"column":4},"end":{"line":78,"column":5}},"25":{"start":{"line":77,"column":8},"end":{"line":77,"column":17}},"26":{"start":{"line":80,"column":4},"end":{"line":80,"column":44}},"27":{"start":{"line":81,"column":4},"end":{"line":84,"column":5}},"28":{"start":{"line":86,"column":4},"end":{"line":86,"column":60}},"29":{"start":{"line":87,"column":4},"end":{"line":87,"column":43}},"30":{"start":{"line":89,"column":4},"end":{"line":135,"column":5}},"31":{"start":{"line":91,"column":12},"end":{"line":133,"column":13}},"32":{"start":{"line":94,"column":16},"end":{"line":102,"column":17}},"33":{"start":{"line":95,"column":20},"end":{"line":101,"column":22}},"34":{"start":{"line":99,"column":28},"end":{"line":99,"column":61}},"35":{"start":{"line":103,"column":16},"end":{"line":112,"column":17}},"36":{"start":{"line":104,"column":20},"end":{"line":111,"column":22}},"37":{"start":{"line":108,"column":28},"end":{"line":108,"column":71}},"38":{"start":{"line":109,"column":28},"end":{"line":109,"column":72}},"39":{"start":{"line":114,"column":17},"end":{"line":133,"column":13}},"40":{"start":{"line":116,"column":16},"end":{"line":122,"column":18}},"41":{"start":{"line":120,"column":24},"end":{"line":120,"column":86}},"42":{"start":{"line":126,"column":16},"end":{"line":132,"column":18}},"43":{"start":{"line":130,"column":24},"end":{"line":130,"column":66}},"44":{"start":{"line":142,"column":0},"end":{"line":161,"column":1}}},"branchMap":{"1":{"line":33,"type":"if","locations":[{"start":{"line":33,"column":4},"end":{"line":33,"column":4}},{"start":{"line":33,"column":4},"end":{"line":33,"column":4}}]},"2":{"line":36,"type":"if","locations":[{"start":{"line":36,"column":4},"end":{"line":36,"column":4}},{"start":{"line":36,"column":4},"end":{"line":36,"column":4}}]},"3":{"line":55,"type":"binary-expr","locations":[{"start":{"line":55,"column":20},"end":{"line":55,"column":21}},{"start":{"line":55,"column":25},"end":{"line":55,"column":29}}]},"4":{"line":56,"type":"binary-expr","locations":[{"start":{"line":56,"column":17},"end":{"line":56,"column":18}},{"start":{"line":56,"column":22},"end":{"line":56,"column":33}},{"start":{"line":56,"column":38},"end":{"line":56,"column":39}}]},"5":{"line":57,"type":"binary-expr","locations":[{"start":{"line":57,"column":18},"end":{"line":57,"column":19}},{"start":{"line":57,"column":23},"end":{"line":57,"column":27}},{"start":{"line":57,"column":32},"end":{"line":57,"column":43}},{"start":{"line":57,"column":49},"end":{"line":57,"column":51}}]},"6":{"line":70,"type":"if","locations":[{"start":{"line":70,"column":4},"end":{"line":70,"column":4}},{"start":{"line":70,"column":4},"end":{"line":70,"column":4}}]},"7":{"line":76,"type":"if","locations":[{"start":{"line":76,"column":4},"end":{"line":76,"column":4}},{"start":{"line":76,"column":4},"end":{"line":76,"column":4}}]},"8":{"line":91,"type":"if","locations":[{"start":{"line":91,"column":12},"end":{"line":91,"column":12}},{"start":{"line":91,"column":12},"end":{"line":91,"column":12}}]},"9":{"line":91,"type":"cond-expr","locations":[{"start":{"line":91,"column":31},"end":{"line":91,"column":70}},{"start":{"line":91,"column":73},"end":{"line":91,"column":86}}]},"10":{"line":94,"type":"if","locations":[{"start":{"line":94,"column":16},"end":{"line":94,"column":16}},{"start":{"line":94,"column":16},"end":{"line":94,"column":16}}]},"11":{"line":94,"type":"binary-expr","locations":[{"start":{"line":94,"column":20},"end":{"line":94,"column":32}},{"start":{"line":94,"column":36},"end":{"line":94,"column":44}}]},"12":{"line":103,"type":"if","locations":[{"start":{"line":103,"column":16},"end":{"line":103,"column":16}},{"start":{"line":103,"column":16},"end":{"line":103,"column":16}}]},"13":{"line":103,"type":"binary-expr","locations":[{"start":{"line":103,"column":20},"end":{"line":103,"column":32}},{"start":{"line":103,"column":36},"end":{"line":103,"column":43}}]},"14":{"line":114,"type":"if","locations":[{"start":{"line":114,"column":17},"end":{"line":114,"column":17}},{"start":{"line":114,"column":17},"end":{"line":114,"column":17}}]}},"code":["/**"," * @author Toru Nagashima"," * @copyright 2015 Toru Nagashima. All rights reserved."," * See LICENSE file in root directory for full license."," */","\"use strict\"","","//------------------------------------------------------------------------------","// Requirements","//------------------------------------------------------------------------------","","const path = require(\"path\")","const getConvertPath = require(\"../util/get-convert-path\")","const getPackageJson = require(\"../util/get-package-json\")","","//------------------------------------------------------------------------------","// Helpers","//------------------------------------------------------------------------------","","const NODE_SHEBANG = \"#!/usr/bin/env node\\n\"","const SHEBANG_PATTERN = /^(#!.+?)?(\\r)?\\n/","const NODE_SHEBANG_PATTERN = /#!\\/usr\\/bin\\/env node(?: [^\\r\\n]+?)?\\n/","","/**"," * Checks whether or not a given path is a `bin` file."," *"," * @param {string} filePath - A file path to check."," * @param {string|object|undefined} binField - A value of the `bin` field of `package.json`."," * @param {string} basedir - A directory path that `package.json` exists."," * @returns {boolean} `true` if the file is a `bin` file."," */","function isBinFile(filePath, binField, basedir) {","    if (!binField) {","        return false","    }","    if (typeof binField === \"string\") {","        return filePath === path.resolve(basedir, binField)","    }","    return Object.keys(binField).some(key => filePath === path.resolve(basedir, binField[key]))","}","","/**"," * Gets the shebang line (includes a line ending) from a given code."," *"," * @param {SourceCode} sourceCode - A source code object to check."," * @returns {{length: number, bom: boolean, shebang: string, cr: boolean}}"," *      shebang's information."," *      `retv.shebang` is an empty string if shebang doesn't exist."," */","function getShebangInfo(sourceCode) {","    const m = SHEBANG_PATTERN.exec(sourceCode.text)","","    return {","        bom: sourceCode.hasBOM,","        cr: Boolean(m && m[2]),","        length: (m && m[0].length) || 0,","        shebang: (m && m[1] && (`${m[1]}\\n`)) || \"\",","    }","}","","/**"," * The definition of this rule."," *"," * @param {RuleContext} context - The rule context to check."," * @returns {object} The definition of this rule."," */","function create(context) {","    const sourceCode = context.getSourceCode()","    let filePath = context.getFilename()","    if (filePath === \"<input>\") {","        return {}","    }","    filePath = path.resolve(filePath)","","    const p = getPackageJson(filePath)","    if (!p) {","        return {}","    }","","    const basedir = path.dirname(p.filePath)","    filePath = path.join(","        basedir,","        getConvertPath(context)(path.relative(basedir, filePath).replace(/\\\\/g, \"/\"))","    )","","    const needsShebang = isBinFile(filePath, p.bin, basedir)","    const info = getShebangInfo(sourceCode)","","    return {","        Program(node) {","            if (needsShebang ? NODE_SHEBANG_PATTERN.test(info.shebang) : !info.shebang) {","                // Good the shebang target.","                // Checks BOM and \\r.","                if (needsShebang && info.bom) {","                    context.report({","                        node,","                        message: \"This file must not have Unicode BOM.\",","                        fix(fixer) {","                            return fixer.removeRange([-1, 0])","                        },","                    })","                }","                if (needsShebang && info.cr) {","                    context.report({","                        node,","                        message: \"This file must have Unix linebreaks (LF).\",","                        fix(fixer) {","                            const index = sourceCode.text.indexOf(\"\\r\")","                            return fixer.removeRange([index, index + 1])","                        },","                    })","                }","            }","            else if (needsShebang) {","                // Shebang is lacking.","                context.report({","                    node,","                    message: \"This file needs shebang \\\"#!/usr/bin/env node\\\".\",","                    fix(fixer) {","                        return fixer.replaceTextRange([-1, info.length], NODE_SHEBANG)","                    },","                })","            }","            else {","                // Shebang is extra.","                context.report({","                    node,","                    message: \"This file needs no shebang.\",","                    fix(fixer) {","                        return fixer.removeRange([0, info.length])","                    },","                })","            }","        },","    }","}","","//------------------------------------------------------------------------------","// Rule Definition","//------------------------------------------------------------------------------","","module.exports = {","    create,","    meta: {","        docs: {","            description: \"enforce the correct usage of shebang\",","            category: \"Possible Errors\",","            recommended: false,","        },","        fixable: \"code\",","        schema: [","            {","                type: \"object\",","                properties: { //","                    convertPath: getConvertPath.schema,","                },","                additionalProperties: false,","            },","        ],","    },","}",""],"l":{"12":1,"13":1,"14":1,"20":1,"21":1,"22":1,"32":1,"33":0,"34":0,"36":0,"37":0,"39":0,"50":1,"51":0,"53":0,"67":1,"68":0,"69":0,"70":0,"71":0,"73":0,"75":0,"76":0,"77":0,"80":0,"81":0,"86":0,"87":0,"89":0,"91":0,"94":0,"95":0,"99":0,"103":0,"104":0,"108":0,"109":0,"114":0,"116":0,"120":0,"126":0,"130":0,"142":1}}}